This is pdfTeX, Version 3.141592653-2.6-1.40.25 (MiKTeX 24.1) (preloaded format=pdflatex 2025.9.29)  29 SEP 2025 20:54
entering extended mode
 restricted \write18 enabled.
 file:line:error style messages enabled.
 %&-line parsing enabled.
**./main.tex
(main.tex
LaTeX2e <2023-11-01> patch level 1
L3 programming layer <2024-01-04>
(C:\Users\ahnd6\AppData\Local\Programs\MiKTeX\tex/latex/beamer\beamer.cls
Document Class: beamer 2025/08/13 v3.76 A class for typesetting presentations

(C:\Users\ahnd6\AppData\Local\Programs\MiKTeX\tex/latex/beamer\beamerbasemodes.
sty
(C:\Users\ahnd6\AppData\Local\Programs\MiKTeX\tex/latex/etoolbox\etoolbox.sty
Package: etoolbox 2020/10/05 v2.5k e-TeX tools for LaTeX (JAW)
\etb@tempcnta=\count187
)
\beamer@tempbox=\box51
\beamer@tempcount=\count188
\c@beamerpauses=\count189

(C:\Users\ahnd6\AppData\Local\Programs\MiKTeX\tex/latex/beamer\beamerbasedecode
.sty
\beamer@slideinframe=\count190
\beamer@minimum=\count191
\beamer@decode@box=\box52
)
\beamer@commentbox=\box53
\beamer@modecount=\count192
)
(C:\Users\ahnd6\AppData\Local\Programs\MiKTeX\tex/generic/iftex\iftex.sty
Package: iftex 2022/02/03 v1.0f TeX engine tests
)
\headdp=\dimen140
\footheight=\dimen141
\sidebarheight=\dimen142
\beamer@tempdim=\dimen143
\beamer@finalheight=\dimen144
\beamer@animht=\dimen145
\beamer@animdp=\dimen146
\beamer@animwd=\dimen147
\beamer@leftmargin=\dimen148
\beamer@rightmargin=\dimen149
\beamer@leftsidebar=\dimen150
\beamer@rightsidebar=\dimen151
\beamer@boxsize=\dimen152
\beamer@vboxoffset=\dimen153
\beamer@descdefault=\dimen154
\beamer@descriptionwidth=\dimen155
\beamer@lastskip=\skip48
\beamer@areabox=\box54
\beamer@animcurrent=\box55
\beamer@animshowbox=\box56
\beamer@sectionbox=\box57
\beamer@logobox=\box58
\beamer@linebox=\box59
\beamer@sectioncount=\count193
\beamer@subsubsectionmax=\count194
\beamer@subsectionmax=\count195
\beamer@sectionmax=\count196
\beamer@totalheads=\count197
\beamer@headcounter=\count198
\beamer@partstartpage=\count199
\beamer@sectionstartpage=\count266
\beamer@subsectionstartpage=\count267
\beamer@animationtempa=\count268
\beamer@animationtempb=\count269
\beamer@xpos=\count270
\beamer@ypos=\count271
\beamer@ypos@offset=\count272
\beamer@showpartnumber=\count273
\beamer@currentsubsection=\count274
\beamer@coveringdepth=\count275
\beamer@sectionadjust=\count276
\beamer@toclastsection=\count277
\beamer@tocsectionnumber=\count278

(C:\Users\ahnd6\AppData\Local\Programs\MiKTeX\tex/latex/beamer\beamerbaseoption
s.sty
(C:\Users\ahnd6\AppData\Local\Programs\MiKTeX\tex/latex/graphics\keyval.sty
Package: keyval 2022/05/29 v1.15 key=value parser (DPC)
\KV@toks@=\toks17
))
\beamer@paperwidth=\skip49
\beamer@paperheight=\skip50

(C:\Users\ahnd6\AppData\Local\Programs\MiKTeX\tex/latex/geometry\geometry.sty
Package: geometry 2020/01/02 v5.9 Page Geometry

(C:\Users\ahnd6\AppData\Local\Programs\MiKTeX\tex/generic/iftex\ifvtex.sty
Package: ifvtex 2019/10/25 v1.7 ifvtex legacy package. Use iftex instead.
)
\Gm@cnth=\count279
\Gm@cntv=\count280
\c@Gm@tempcnt=\count281
\Gm@bindingoffset=\dimen156
\Gm@wd@mp=\dimen157
\Gm@odd@mp=\dimen158
\Gm@even@mp=\dimen159
\Gm@layoutwidth=\dimen160
\Gm@layoutheight=\dimen161
\Gm@layouthoffset=\dimen162
\Gm@layoutvoffset=\dimen163
\Gm@dimlist=\toks18

(C:\Users\ahnd6\AppData\Local\Programs\MiKTeX\tex/latex/geometry\geometry.cfg))
(C:\Users\ahnd6\AppData\Local\Programs\MiKTeX\tex/latex/pgf/math\pgfmath.sty
(C:\Users\ahnd6\AppData\Local\Programs\MiKTeX\tex/latex/pgf/utilities\pgfrcs.st
y
(C:\Users\ahnd6\AppData\Local\Programs\MiKTeX\tex/generic/pgf/utilities\pgfutil
-common.tex
\pgfutil@everybye=\toks19
\pgfutil@tempdima=\dimen164
\pgfutil@tempdimb=\dimen165
)
(C:\Users\ahnd6\AppData\Local\Programs\MiKTeX\tex/generic/pgf/utilities\pgfutil
-latex.def
\pgfutil@abb=\box60
)
(C:\Users\ahnd6\AppData\Local\Programs\MiKTeX\tex/generic/pgf/utilities\pgfrcs.
code.tex
(C:\Users\ahnd6\AppData\Local\Programs\MiKTeX\tex/generic/pgf\pgf.revision.tex)
Package: pgfrcs 2023-01-15 v3.1.10 (3.1.10)
))
(C:\Users\ahnd6\AppData\Local\Programs\MiKTeX\tex/latex/pgf/utilities\pgfkeys.s
ty
(C:\Users\ahnd6\AppData\Local\Programs\MiKTeX\tex/generic/pgf/utilities\pgfkeys
.code.tex
\pgfkeys@pathtoks=\toks20
\pgfkeys@temptoks=\toks21

(C:\Users\ahnd6\AppData\Local\Programs\MiKTeX\tex/generic/pgf/utilities\pgfkeys
libraryfiltered.code.tex
\pgfkeys@tmptoks=\toks22
)))
(C:\Users\ahnd6\AppData\Local\Programs\MiKTeX\tex/generic/pgf/math\pgfmath.code
.tex
(C:\Users\ahnd6\AppData\Local\Programs\MiKTeX\tex/generic/pgf/math\pgfmathutil.
code.tex
\pgf@x=\dimen166
\pgf@xa=\dimen167
\pgf@xb=\dimen168
\pgf@xc=\dimen169
\pgf@y=\dimen170
\pgf@ya=\dimen171
\pgf@yb=\dimen172
\pgf@yc=\dimen173
\c@pgf@counta=\count282
\c@pgf@countb=\count283
\c@pgf@countc=\count284
\c@pgf@countd=\count285
)
(C:\Users\ahnd6\AppData\Local\Programs\MiKTeX\tex/generic/pgf/math\pgfmathparse
r.code.tex
\pgfmath@dimen=\dimen174
\pgfmath@count=\count286
\pgfmath@box=\box61
\pgfmath@toks=\toks23
\pgfmath@stack@operand=\toks24
\pgfmath@stack@operation=\toks25
)
(C:\Users\ahnd6\AppData\Local\Programs\MiKTeX\tex/generic/pgf/math\pgfmathfunct
ions.code.tex)
(C:\Users\ahnd6\AppData\Local\Programs\MiKTeX\tex/generic/pgf/math\pgfmathfunct
ions.basic.code.tex)
(C:\Users\ahnd6\AppData\Local\Programs\MiKTeX\tex/generic/pgf/math\pgfmathfunct
ions.trigonometric.code.tex)
(C:\Users\ahnd6\AppData\Local\Programs\MiKTeX\tex/generic/pgf/math\pgfmathfunct
ions.random.code.tex)
(C:\Users\ahnd6\AppData\Local\Programs\MiKTeX\tex/generic/pgf/math\pgfmathfunct
ions.comparison.code.tex)
(C:\Users\ahnd6\AppData\Local\Programs\MiKTeX\tex/generic/pgf/math\pgfmathfunct
ions.base.code.tex)
(C:\Users\ahnd6\AppData\Local\Programs\MiKTeX\tex/generic/pgf/math\pgfmathfunct
ions.round.code.tex)
(C:\Users\ahnd6\AppData\Local\Programs\MiKTeX\tex/generic/pgf/math\pgfmathfunct
ions.misc.code.tex)
(C:\Users\ahnd6\AppData\Local\Programs\MiKTeX\tex/generic/pgf/math\pgfmathfunct
ions.integerarithmetics.code.tex)
(C:\Users\ahnd6\AppData\Local\Programs\MiKTeX\tex/generic/pgf/math\pgfmathcalc.
code.tex)
(C:\Users\ahnd6\AppData\Local\Programs\MiKTeX\tex/generic/pgf/math\pgfmathfloat
.code.tex
\c@pgfmathroundto@lastzeros=\count287
)))
(C:\Users\ahnd6\AppData\Local\Programs\MiKTeX\tex/latex/base\size11.clo
File: size11.clo 2023/05/17 v1.4n Standard LaTeX file (size option)
)
(C:\Users\ahnd6\AppData\Local\Programs\MiKTeX\tex/latex/pgf/basiclayer\pgfcore.
sty
(C:\Users\ahnd6\AppData\Local\Programs\MiKTeX\tex/latex/graphics\graphicx.sty
Package: graphicx 2021/09/16 v1.2d Enhanced LaTeX Graphics (DPC,SPQR)

(C:\Users\ahnd6\AppData\Local\Programs\MiKTeX\tex/latex/graphics\graphics.sty
Package: graphics 2022/03/10 v1.4e Standard LaTeX Graphics (DPC,SPQR)

(C:\Users\ahnd6\AppData\Local\Programs\MiKTeX\tex/latex/graphics\trig.sty
Package: trig 2021/08/11 v1.11 sin cos tan (DPC)
)
(C:\Users\ahnd6\AppData\Local\Programs\MiKTeX\tex/latex/graphics-cfg\graphics.c
fg
File: graphics.cfg 2016/06/04 v1.11 sample graphics configuration
)
Package graphics Info: Driver file: pdftex.def on input line 107.

(C:\Users\ahnd6\AppData\Local\Programs\MiKTeX\tex/latex/graphics-def\pdftex.def
File: pdftex.def 2022/09/22 v1.2b Graphics/color driver for pdftex
))
\Gin@req@height=\dimen175
\Gin@req@width=\dimen176
)
(C:\Users\ahnd6\AppData\Local\Programs\MiKTeX\tex/latex/pgf/systemlayer\pgfsys.
sty
(C:\Users\ahnd6\AppData\Local\Programs\MiKTeX\tex/generic/pgf/systemlayer\pgfsy
s.code.tex
Package: pgfsys 2023-01-15 v3.1.10 (3.1.10)
\pgf@x=\dimen177
\pgf@y=\dimen178
\pgf@xa=\dimen179
\pgf@ya=\dimen180
\pgf@xb=\dimen181
\pgf@yb=\dimen182
\pgf@xc=\dimen183
\pgf@yc=\dimen184
\pgf@xd=\dimen185
\pgf@yd=\dimen186
\w@pgf@writea=\write3
\r@pgf@reada=\read2
\c@pgf@counta=\count288
\c@pgf@countb=\count289
\c@pgf@countc=\count290
\c@pgf@countd=\count291
\t@pgf@toka=\toks26
\t@pgf@tokb=\toks27
\t@pgf@tokc=\toks28
\pgf@sys@id@count=\count292

(C:\Users\ahnd6\AppData\Local\Programs\MiKTeX\tex/generic/pgf/systemlayer\pgf.c
fg
File: pgf.cfg 2023-01-15 v3.1.10 (3.1.10)
)
Driver file for pgf: pgfsys-pdftex.def

(C:\Users\ahnd6\AppData\Local\Programs\MiKTeX\tex/generic/pgf/systemlayer\pgfsy
s-pdftex.def
File: pgfsys-pdftex.def 2023-01-15 v3.1.10 (3.1.10)

(C:\Users\ahnd6\AppData\Local\Programs\MiKTeX\tex/generic/pgf/systemlayer\pgfsy
s-common-pdf.def
File: pgfsys-common-pdf.def 2023-01-15 v3.1.10 (3.1.10)
)))
(C:\Users\ahnd6\AppData\Local\Programs\MiKTeX\tex/generic/pgf/systemlayer\pgfsy
ssoftpath.code.tex
File: pgfsyssoftpath.code.tex 2023-01-15 v3.1.10 (3.1.10)
\pgfsyssoftpath@smallbuffer@items=\count293
\pgfsyssoftpath@bigbuffer@items=\count294
)
(C:\Users\ahnd6\AppData\Local\Programs\MiKTeX\tex/generic/pgf/systemlayer\pgfsy
sprotocol.code.tex
File: pgfsysprotocol.code.tex 2023-01-15 v3.1.10 (3.1.10)
))
(C:\Users\ahnd6\AppData\Local\Programs\MiKTeX\tex/latex/xcolor\xcolor.sty
Package: xcolor 2023/11/15 v3.01 LaTeX color extensions (UK)

(C:\Users\ahnd6\AppData\Local\Programs\MiKTeX\tex/latex/graphics-cfg\color.cfg
File: color.cfg 2016/01/02 v1.6 sample color configuration
)
Package xcolor Info: Driver file: pdftex.def on input line 274.
(C:\Users\ahnd6\AppData\Local\Programs\MiKTeX\tex/latex/graphics\mathcolor.ltx)
Package xcolor Info: Model `cmy' substituted by `cmy0' on input line 1350.
Package xcolor Info: Model `hsb' substituted by `rgb' on input line 1354.
Package xcolor Info: Model `RGB' extended on input line 1366.
Package xcolor Info: Model `HTML' substituted by `rgb' on input line 1368.
Package xcolor Info: Model `Hsb' substituted by `hsb' on input line 1369.
Package xcolor Info: Model `tHsb' substituted by `hsb' on input line 1370.
Package xcolor Info: Model `HSB' substituted by `hsb' on input line 1371.
Package xcolor Info: Model `Gray' substituted by `gray' on input line 1372.
Package xcolor Info: Model `wave' substituted by `hsb' on input line 1373.
)
(C:\Users\ahnd6\AppData\Local\Programs\MiKTeX\tex/generic/pgf/basiclayer\pgfcor
e.code.tex
Package: pgfcore 2023-01-15 v3.1.10 (3.1.10)

(C:\Users\ahnd6\AppData\Local\Programs\MiKTeX\tex/generic/pgf/math\pgfint.code.
tex)
(C:\Users\ahnd6\AppData\Local\Programs\MiKTeX\tex/generic/pgf/basiclayer\pgfcor
epoints.code.tex
File: pgfcorepoints.code.tex 2023-01-15 v3.1.10 (3.1.10)
\pgf@picminx=\dimen187
\pgf@picmaxx=\dimen188
\pgf@picminy=\dimen189
\pgf@picmaxy=\dimen190
\pgf@pathminx=\dimen191
\pgf@pathmaxx=\dimen192
\pgf@pathminy=\dimen193
\pgf@pathmaxy=\dimen194
\pgf@xx=\dimen195
\pgf@xy=\dimen196
\pgf@yx=\dimen197
\pgf@yy=\dimen198
\pgf@zx=\dimen199
\pgf@zy=\dimen256
)
(C:\Users\ahnd6\AppData\Local\Programs\MiKTeX\tex/generic/pgf/basiclayer\pgfcor
epathconstruct.code.tex
File: pgfcorepathconstruct.code.tex 2023-01-15 v3.1.10 (3.1.10)
\pgf@path@lastx=\dimen257
\pgf@path@lasty=\dimen258
)
(C:\Users\ahnd6\AppData\Local\Programs\MiKTeX\tex/generic/pgf/basiclayer\pgfcor
epathusage.code.tex
File: pgfcorepathusage.code.tex 2023-01-15 v3.1.10 (3.1.10)
\pgf@shorten@end@additional=\dimen259
\pgf@shorten@start@additional=\dimen260
)
(C:\Users\ahnd6\AppData\Local\Programs\MiKTeX\tex/generic/pgf/basiclayer\pgfcor
escopes.code.tex
File: pgfcorescopes.code.tex 2023-01-15 v3.1.10 (3.1.10)
\pgfpic=\box62
\pgf@hbox=\box63
\pgf@layerbox@main=\box64
\pgf@picture@serial@count=\count295
)
(C:\Users\ahnd6\AppData\Local\Programs\MiKTeX\tex/generic/pgf/basiclayer\pgfcor
egraphicstate.code.tex
File: pgfcoregraphicstate.code.tex 2023-01-15 v3.1.10 (3.1.10)
\pgflinewidth=\dimen261
)
(C:\Users\ahnd6\AppData\Local\Programs\MiKTeX\tex/generic/pgf/basiclayer\pgfcor
etransformations.code.tex
File: pgfcoretransformations.code.tex 2023-01-15 v3.1.10 (3.1.10)
\pgf@pt@x=\dimen262
\pgf@pt@y=\dimen263
\pgf@pt@temp=\dimen264
)
(C:\Users\ahnd6\AppData\Local\Programs\MiKTeX\tex/generic/pgf/basiclayer\pgfcor
equick.code.tex
File: pgfcorequick.code.tex 2023-01-15 v3.1.10 (3.1.10)
)
(C:\Users\ahnd6\AppData\Local\Programs\MiKTeX\tex/generic/pgf/basiclayer\pgfcor
eobjects.code.tex
File: pgfcoreobjects.code.tex 2023-01-15 v3.1.10 (3.1.10)
)
(C:\Users\ahnd6\AppData\Local\Programs\MiKTeX\tex/generic/pgf/basiclayer\pgfcor
epathprocessing.code.tex
File: pgfcorepathprocessing.code.tex 2023-01-15 v3.1.10 (3.1.10)
)
(C:\Users\ahnd6\AppData\Local\Programs\MiKTeX\tex/generic/pgf/basiclayer\pgfcor
earrows.code.tex
File: pgfcorearrows.code.tex 2023-01-15 v3.1.10 (3.1.10)
\pgfarrowsep=\dimen265
)
(C:\Users\ahnd6\AppData\Local\Programs\MiKTeX\tex/generic/pgf/basiclayer\pgfcor
eshade.code.tex
File: pgfcoreshade.code.tex 2023-01-15 v3.1.10 (3.1.10)
\pgf@max=\dimen266
\pgf@sys@shading@range@num=\count296
\pgf@shadingcount=\count297
)
(C:\Users\ahnd6\AppData\Local\Programs\MiKTeX\tex/generic/pgf/basiclayer\pgfcor
eimage.code.tex
File: pgfcoreimage.code.tex 2023-01-15 v3.1.10 (3.1.10)
)
(C:\Users\ahnd6\AppData\Local\Programs\MiKTeX\tex/generic/pgf/basiclayer\pgfcor
eexternal.code.tex
File: pgfcoreexternal.code.tex 2023-01-15 v3.1.10 (3.1.10)
\pgfexternal@startupbox=\box65
)
(C:\Users\ahnd6\AppData\Local\Programs\MiKTeX\tex/generic/pgf/basiclayer\pgfcor
elayers.code.tex
File: pgfcorelayers.code.tex 2023-01-15 v3.1.10 (3.1.10)
)
(C:\Users\ahnd6\AppData\Local\Programs\MiKTeX\tex/generic/pgf/basiclayer\pgfcor
etransparency.code.tex
File: pgfcoretransparency.code.tex 2023-01-15 v3.1.10 (3.1.10)
)
(C:\Users\ahnd6\AppData\Local\Programs\MiKTeX\tex/generic/pgf/basiclayer\pgfcor
epatterns.code.tex
File: pgfcorepatterns.code.tex 2023-01-15 v3.1.10 (3.1.10)
)
(C:\Users\ahnd6\AppData\Local\Programs\MiKTeX\tex/generic/pgf/basiclayer\pgfcor
erdf.code.tex
File: pgfcorerdf.code.tex 2023-01-15 v3.1.10 (3.1.10)
)))
(C:\Users\ahnd6\AppData\Local\Programs\MiKTeX\tex/latex/pgf/utilities\xxcolor.s
ty
Package: xxcolor 2003/10/24 ver 0.1
\XC@nummixins=\count298
\XC@countmixins=\count299
)
(C:\Users\ahnd6\AppData\Local\Programs\MiKTeX\tex/latex/base\atbegshi-ltx.sty
Package: atbegshi-ltx 2021/01/10 v1.0c Emulation of the original atbegshi
package with kernel methods
)
(C:\Users\ahnd6\AppData\Local\Programs\MiKTeX\tex/latex/hyperref\hyperref.sty
Package: hyperref 2023-11-26 v7.01g Hypertext links for LaTeX

(C:\Users\ahnd6\AppData\Local\Programs\MiKTeX\tex/generic/infwarerr\infwarerr.s
ty
Package: infwarerr 2019/12/03 v1.5 Providing info/warning/error messages (HO)
)
(C:\Users\ahnd6\AppData\Local\Programs\MiKTeX\tex/latex/kvsetkeys\kvsetkeys.sty
Package: kvsetkeys 2022-10-05 v1.19 Key value parser (HO)
)
(C:\Users\ahnd6\AppData\Local\Programs\MiKTeX\tex/generic/kvdefinekeys\kvdefine
keys.sty
Package: kvdefinekeys 2019-12-19 v1.6 Define keys (HO)
)
(C:\Users\ahnd6\AppData\Local\Programs\MiKTeX\tex/generic/pdfescape\pdfescape.s
ty
Package: pdfescape 2019/12/09 v1.15 Implements pdfTeX's escape features (HO)

(C:\Users\ahnd6\AppData\Local\Programs\MiKTeX\tex/generic/ltxcmds\ltxcmds.sty
Package: ltxcmds 2023-12-04 v1.26 LaTeX kernel commands for general use (HO)
)
(C:\Users\ahnd6\AppData\Local\Programs\MiKTeX\tex/generic/pdftexcmds\pdftexcmds
.sty
Package: pdftexcmds 2020-06-27 v0.33 Utility functions of pdfTeX for LuaTeX (HO
)
Package pdftexcmds Info: \pdf@primitive is available.
Package pdftexcmds Info: \pdf@ifprimitive is available.
Package pdftexcmds Info: \pdfdraftmode found.
))
(C:\Users\ahnd6\AppData\Local\Programs\MiKTeX\tex/latex/hycolor\hycolor.sty
Package: hycolor 2020-01-27 v1.10 Color options for hyperref/bookmark (HO)
)
(C:\Users\ahnd6\AppData\Local\Programs\MiKTeX\tex/latex/letltxmacro\letltxmacro
.sty
Package: letltxmacro 2019/12/03 v1.6 Let assignment for LaTeX macros (HO)
)
(C:\Users\ahnd6\AppData\Local\Programs\MiKTeX\tex/latex/auxhook\auxhook.sty
Package: auxhook 2019-12-17 v1.6 Hooks for auxiliary files (HO)
)
(C:\Users\ahnd6\AppData\Local\Programs\MiKTeX\tex/latex/hyperref\nameref.sty
Package: nameref 2023-11-26 v2.56 Cross-referencing by name of section

(C:\Users\ahnd6\AppData\Local\Programs\MiKTeX\tex/latex/refcount\refcount.sty
Package: refcount 2019/12/15 v3.6 Data extraction from label references (HO)
)
(C:\Users\ahnd6\AppData\Local\Programs\MiKTeX\tex/generic/gettitlestring\gettit
lestring.sty
Package: gettitlestring 2019/12/15 v1.6 Cleanup title references (HO)

(C:\Users\ahnd6\AppData\Local\Programs\MiKTeX\tex/latex/kvoptions\kvoptions.sty
Package: kvoptions 2022-06-15 v3.15 Key value format for package options (HO)
))
\c@section@level=\count300
)
\@linkdim=\dimen267
\Hy@linkcounter=\count301
\Hy@pagecounter=\count302
 (C:\Users\ahnd6\AppData\Local\Programs\MiKTeX\tex/latex/hyperref\pd1enc.def
File: pd1enc.def 2023-11-26 v7.01g Hyperref: PDFDocEncoding definition (HO)
Now handling font encoding PD1 ...
... no UTF-8 mapping file for font encoding PD1
) (C:\Users\ahnd6\AppData\Local\Programs\MiKTeX\tex/generic/intcalc\intcalc.sty
Package: intcalc 2019/12/15 v1.3 Expandable calculations with integers (HO)
)
\Hy@SavedSpaceFactor=\count303
 (C:\Users\ahnd6\AppData\Local\Programs\MiKTeX\tex/latex/hyperref\puenc.def
File: puenc.def 2023-11-26 v7.01g Hyperref: PDF Unicode definition (HO)
Now handling font encoding PU ...
... no UTF-8 mapping file for font encoding PU
)
Package hyperref Info: Option `bookmarks' set `true' on input line 4064.
Package hyperref Info: Option `bookmarksopen' set `true' on input line 4064.
Package hyperref Info: Option `implicit' set `false' on input line 4064.
Package hyperref Info: Hyper figures OFF on input line 4181.
Package hyperref Info: Link nesting OFF on input line 4186.
Package hyperref Info: Hyper index ON on input line 4189.
Package hyperref Info: Plain pages OFF on input line 4196.
Package hyperref Info: Backreferencing OFF on input line 4201.
Package hyperref Info: Implicit mode OFF; no redefinition of LaTeX internals.
Package hyperref Info: Bookmarks ON on input line 4448.
\c@Hy@tempcnt=\count304

(C:\Users\ahnd6\AppData\Local\Programs\MiKTeX\tex/latex/url\url.sty
\Urlmuskip=\muskip16
Package: url 2013/09/16  ver 3.4  Verb mode for urls, etc.
)
LaTeX Info: Redefining \url on input line 4786.
\XeTeXLinkMargin=\dimen268

(C:\Users\ahnd6\AppData\Local\Programs\MiKTeX\tex/generic/bitset\bitset.sty
Package: bitset 2019/12/09 v1.3 Handle bit-vector datatype (HO)

(C:\Users\ahnd6\AppData\Local\Programs\MiKTeX\tex/generic/bigintcalc\bigintcalc
.sty
Package: bigintcalc 2019/12/15 v1.5 Expandable calculations on big integers (HO
)
))
\Fld@menulength=\count305
\Field@Width=\dimen269
\Fld@charsize=\dimen270
Package hyperref Info: Hyper figures OFF on input line 6065.
Package hyperref Info: Link nesting OFF on input line 6070.
Package hyperref Info: Hyper index ON on input line 6073.
Package hyperref Info: backreferencing OFF on input line 6080.
Package hyperref Info: Link coloring OFF on input line 6085.
Package hyperref Info: Link coloring with OCG OFF on input line 6090.
Package hyperref Info: PDF/A mode OFF on input line 6095.
\Hy@abspage=\count306


Package hyperref Message: Stopped early.

)
Package hyperref Info: Driver (autodetected): hpdftex.
 (C:\Users\ahnd6\AppData\Local\Programs\MiKTeX\tex/latex/hyperref\hpdftex.def
File: hpdftex.def 2023-11-26 v7.01g Hyperref driver for pdfTeX

(C:\Users\ahnd6\AppData\Local\Programs\MiKTeX\tex/latex/base\atveryend-ltx.sty
Package: atveryend-ltx 2020/08/19 v1.0a Emulation of the original atveryend pac
kage
with kernel methods
)
\Fld@listcount=\count307
\c@bookmark@seq@number=\count308

(C:\Users\ahnd6\AppData\Local\Programs\MiKTeX\tex/latex/rerunfilecheck\rerunfil
echeck.sty
Package: rerunfilecheck 2025-06-21 v1.11 Rerun checks for auxiliary files (HO)

(C:\Users\ahnd6\AppData\Local\Programs\MiKTeX\tex/generic/uniquecounter\uniquec
ounter.sty
Package: uniquecounter 2019/12/15 v1.4 Provide unlimited unique counter (HO)
)
Package uniquecounter Info: New unique counter `rerunfilecheck' on input line 2
84.
))
(C:\Users\ahnd6\AppData\Local\Programs\MiKTeX\tex/latex/beamer\beamerbaserequir
es.sty
(C:\Users\ahnd6\AppData\Local\Programs\MiKTeX\tex/latex/beamer\beamerbasecompat
ibility.sty)
(C:\Users\ahnd6\AppData\Local\Programs\MiKTeX\tex/latex/beamer\beamerbasefont.s
ty (C:\Users\ahnd6\AppData\Local\Programs\MiKTeX\tex/latex/amsfonts\amssymb.sty
Package: amssymb 2013/01/14 v3.01 AMS font symbols
(C:\Users\ahnd6\AppData\Local\Programs\MiKTeX\tex/latex/amsfonts\amsfonts.sty
Package: amsfonts 2013/01/14 v3.01 Basic AMSFonts support
\@emptytoks=\toks29
\symAMSa=\mathgroup4
\symAMSb=\mathgroup5
LaTeX Font Info:    Redeclaring math symbol \hbar on input line 98.
LaTeX Font Info:    Overwriting math alphabet `\mathfrak' in version `bold'
(Font)                  U/euf/m/n --> U/euf/b/n on input line 106.
))
(C:\Users\ahnd6\AppData\Local\Programs\MiKTeX\tex/latex/sansmathaccent\sansmath
accent.sty
Package: sansmathaccent 2020/01/31

(C:\Users\ahnd6\AppData\Local\Programs\MiKTeX\tex/latex/koma-script\scrlfile.st
y
Package: scrlfile 2025/09/09 v3.48 KOMA-Script package (file load hooks)

(C:\Users\ahnd6\AppData\Local\Programs\MiKTeX\tex/latex/koma-script\scrlfile-ho
ok.sty
Package: scrlfile-hook 2025/09/09 v3.48 KOMA-Script package (using LaTeX hooks)


(C:\Users\ahnd6\AppData\Local\Programs\MiKTeX\tex/latex/koma-script\scrlogo.sty
Package: scrlogo 2025/09/09 v3.48 KOMA-Script package (logo)
)))))
(C:\Users\ahnd6\AppData\Local\Programs\MiKTeX\tex/latex/beamer\beamerbasetransl
ator.sty
(C:\Users\ahnd6\AppData\Local\Programs\MiKTeX\tex/latex/translator\translator.s
ty
Package: translator 2021-05-31 v1.12d Easy translation of strings in LaTeX
))
(C:\Users\ahnd6\AppData\Local\Programs\MiKTeX\tex/latex/beamer\beamerbasemisc.s
ty)
(C:\Users\ahnd6\AppData\Local\Programs\MiKTeX\tex/latex/beamer\beamerbasetwoscr
eens.sty)
(C:\Users\ahnd6\AppData\Local\Programs\MiKTeX\tex/latex/beamer\beamerbaseoverla
y.sty
\beamer@argscount=\count309
\beamer@lastskipcover=\skip51
\beamer@trivlistdepth=\count310
)
(C:\Users\ahnd6\AppData\Local\Programs\MiKTeX\tex/latex/beamer\beamerbasetitle.
sty)
(C:\Users\ahnd6\AppData\Local\Programs\MiKTeX\tex/latex/beamer\beamerbasesectio
n.sty
\c@lecture=\count311
\c@part=\count312
\c@section=\count313
\c@subsection=\count314
\c@subsubsection=\count315
)
(C:\Users\ahnd6\AppData\Local\Programs\MiKTeX\tex/latex/beamer\beamerbaseframe.
sty
\beamer@framebox=\box66
\beamer@frametitlebox=\box67
\beamer@zoombox=\box68
\beamer@zoomcount=\count316
\beamer@zoomframecount=\count317
\beamer@frametextheight=\dimen271
\c@subsectionslide=\count318
\beamer@frametopskip=\skip52
\beamer@framebottomskip=\skip53
\beamer@frametopskipautobreak=\skip54
\beamer@framebottomskipautobreak=\skip55
\beamer@envbody=\toks30
\framewidth=\dimen272
\c@framenumber=\count319
)
(C:\Users\ahnd6\AppData\Local\Programs\MiKTeX\tex/latex/beamer\beamerbaseverbat
im.sty
\beamer@verbatimfileout=\write4
)
(C:\Users\ahnd6\AppData\Local\Programs\MiKTeX\tex/latex/beamer\beamerbaseframes
ize.sty
\beamer@splitbox=\box69
\beamer@autobreakcount=\count320
\beamer@autobreaklastheight=\dimen273
\beamer@frametitletoks=\toks31
\beamer@framesubtitletoks=\toks32
)
(C:\Users\ahnd6\AppData\Local\Programs\MiKTeX\tex/latex/beamer\beamerbaseframec
omponents.sty
\beamer@colheight=\skip56
\beamer@footins=\box70
)
(C:\Users\ahnd6\AppData\Local\Programs\MiKTeX\tex/latex/beamer\beamerbasecolor.
sty)
(C:\Users\ahnd6\AppData\Local\Programs\MiKTeX\tex/latex/beamer\beamerbasenotes.
sty
\beamer@frameboxcopy=\box71
)
(C:\Users\ahnd6\AppData\Local\Programs\MiKTeX\tex/latex/beamer\beamerbasetoc.st
y)
(C:\Users\ahnd6\AppData\Local\Programs\MiKTeX\tex/latex/beamer\beamerbasetempla
tes.sty
\beamer@sbttoks=\toks33

(C:\Users\ahnd6\AppData\Local\Programs\MiKTeX\tex/latex/beamer\beamerbaseauxtem
plates.sty
(C:\Users\ahnd6\AppData\Local\Programs\MiKTeX\tex/latex/beamer\beamerbaseboxes.
sty
\bmb@box=\box72
\bmb@colorbox=\box73
\bmb@boxwidth=\dimen274
\bmb@boxheight=\dimen275
\bmb@prevheight=\dimen276
\bmb@temp=\dimen277
\bmb@dima=\dimen278
\bmb@dimb=\dimen279
\bmb@prevheight=\dimen280
)
\beamer@blockheadheight=\dimen281
))
(C:\Users\ahnd6\AppData\Local\Programs\MiKTeX\tex/latex/beamer\beamerbaselocals
tructure.sty
(C:\Users\ahnd6\AppData\Local\Programs\MiKTeX\tex/latex/tools\enumerate.sty
Package: enumerate 2023/07/04 v3.00 enumerate extensions (DPC)
\@enLab=\toks34
)
\beamer@bibiconwidth=\skip57
\c@figure=\count321
\c@table=\count322
\abovecaptionskip=\skip58
\belowcaptionskip=\skip59
)
(C:\Users\ahnd6\AppData\Local\Programs\MiKTeX\tex/latex/beamer\beamerbasenaviga
tion.sty
(C:\Users\ahnd6\AppData\Local\Programs\MiKTeX\tex/latex/beamer\beamerbasenaviga
tionsymbols.tex)
\beamer@section@min@dim=\dimen282
)
(C:\Users\ahnd6\AppData\Local\Programs\MiKTeX\tex/latex/beamer\beamerbasetheore
ms.sty
(C:\Users\ahnd6\AppData\Local\Programs\MiKTeX\tex/latex/amsmath\amsmath.sty
Package: amsmath 2023/05/13 v2.17o AMS math features
\@mathmargin=\skip60

For additional information on amsmath, use the `?' option.
(C:\Users\ahnd6\AppData\Local\Programs\MiKTeX\tex/latex/amsmath\amstext.sty
Package: amstext 2021/08/26 v2.01 AMS text

(C:\Users\ahnd6\AppData\Local\Programs\MiKTeX\tex/latex/amsmath\amsgen.sty
File: amsgen.sty 1999/11/30 v2.0 generic functions
\@emptytoks=\toks35
\ex@=\dimen283
))
(C:\Users\ahnd6\AppData\Local\Programs\MiKTeX\tex/latex/amsmath\amsbsy.sty
Package: amsbsy 1999/11/29 v1.2d Bold Symbols
\pmbraise@=\dimen284
)
(C:\Users\ahnd6\AppData\Local\Programs\MiKTeX\tex/latex/amsmath\amsopn.sty
Package: amsopn 2022/04/08 v2.04 operator names
)
\inf@bad=\count323
LaTeX Info: Redefining \frac on input line 234.
\uproot@=\count324
\leftroot@=\count325
LaTeX Info: Redefining \overline on input line 399.
LaTeX Info: Redefining \colon on input line 410.
\classnum@=\count326
\DOTSCASE@=\count327
LaTeX Info: Redefining \ldots on input line 496.
LaTeX Info: Redefining \dots on input line 499.
LaTeX Info: Redefining \cdots on input line 620.
\Mathstrutbox@=\box74
\strutbox@=\box75
LaTeX Info: Redefining \big on input line 722.
LaTeX Info: Redefining \Big on input line 723.
LaTeX Info: Redefining \bigg on input line 724.
LaTeX Info: Redefining \Bigg on input line 725.
\big@size=\dimen285
LaTeX Font Info:    Redeclaring font encoding OML on input line 743.
LaTeX Font Info:    Redeclaring font encoding OMS on input line 744.
\macc@depth=\count328
LaTeX Info: Redefining \bmod on input line 905.
LaTeX Info: Redefining \pmod on input line 910.
LaTeX Info: Redefining \smash on input line 940.
LaTeX Info: Redefining \relbar on input line 970.
LaTeX Info: Redefining \Relbar on input line 971.
\c@MaxMatrixCols=\count329
\dotsspace@=\muskip17
\c@parentequation=\count330
\dspbrk@lvl=\count331
\tag@help=\toks36
\row@=\count332
\column@=\count333
\maxfields@=\count334
\andhelp@=\toks37
\eqnshift@=\dimen286
\alignsep@=\dimen287
\tagshift@=\dimen288
\tagwidth@=\dimen289
\totwidth@=\dimen290
\lineht@=\dimen291
\@envbody=\toks38
\multlinegap=\skip61
\multlinetaggap=\skip62
\mathdisplay@stack=\toks39
LaTeX Info: Redefining \[ on input line 2953.
LaTeX Info: Redefining \] on input line 2954.
)
(C:\Users\ahnd6\AppData\Local\Programs\MiKTeX\tex/latex/amscls\amsthm.sty
Package: amsthm 2020/05/29 v2.20.6
\thm@style=\toks40
\thm@bodyfont=\toks41
\thm@headfont=\toks42
\thm@notefont=\toks43
\thm@headpunct=\toks44
\thm@preskip=\skip63
\thm@postskip=\skip64
\thm@headsep=\skip65
\dth@everypar=\toks45
)
\c@theorem=\count335
)
(C:\Users\ahnd6\AppData\Local\Programs\MiKTeX\tex/latex/beamer\beamerbasethemes
.sty))
(C:\Users\ahnd6\AppData\Local\Programs\MiKTeX\tex/latex/beamer\beamerthemedefau
lt.sty
(C:\Users\ahnd6\AppData\Local\Programs\MiKTeX\tex/latex/beamer\beamerfontthemed
efault.sty)
(C:\Users\ahnd6\AppData\Local\Programs\MiKTeX\tex/latex/beamer\beamercolortheme
default.sty)
(C:\Users\ahnd6\AppData\Local\Programs\MiKTeX\tex/latex/beamer\beamerinnertheme
default.sty
\beamer@dima=\dimen292
\beamer@dimb=\dimen293
)
(C:\Users\ahnd6\AppData\Local\Programs\MiKTeX\tex/latex/beamer\beameroutertheme
default.sty)))
(C:\Users\ahnd6\AppData\Local\Programs\MiKTeX\tex/latex/beamertheme-metropolis\
beamerthememetropolis.sty
Package: beamerthememetropolis 2017/01/23 v1.2 Metropolis Beamer theme

(C:\Users\ahnd6\AppData\Local\Programs\MiKTeX\tex/latex/pgfopts\pgfopts.sty
Package: pgfopts 2014/07/10 v2.1a LaTeX package options with pgfkeys
\pgfopts@list@add@a@toks=\toks46
\pgfopts@list@add@b@toks=\toks47
)
(C:\Users\ahnd6\AppData\Local\Programs\MiKTeX\tex/latex/beamertheme-metropolis\
beamerinnerthememetropolis.sty
Package: beamerinnerthememetropolis 2017/01/23 Metropolis inner theme

(C:\Users\ahnd6\AppData\Local\Programs\MiKTeX\tex/latex/tools\calc.sty
Package: calc 2023/07/08 v4.3 Infix arithmetic (KKT,FJ)
\calc@Acount=\count336
\calc@Bcount=\count337
\calc@Adimen=\dimen294
\calc@Bdimen=\dimen295
\calc@Askip=\skip66
\calc@Bskip=\skip67
LaTeX Info: Redefining \setlength on input line 80.
LaTeX Info: Redefining \addtolength on input line 81.
\calc@Ccount=\count338
\calc@Cskip=\skip68
)
(C:\Users\ahnd6\AppData\Local\Programs\MiKTeX\tex/latex/pgf/frontendlayer\tikz.
sty
(C:\Users\ahnd6\AppData\Local\Programs\MiKTeX\tex/latex/pgf/basiclayer\pgf.sty
Package: pgf 2023-01-15 v3.1.10 (3.1.10)

(C:\Users\ahnd6\AppData\Local\Programs\MiKTeX\tex/generic/pgf/modules\pgfmodule
shapes.code.tex
File: pgfmoduleshapes.code.tex 2023-01-15 v3.1.10 (3.1.10)
\pgfnodeparttextbox=\box76
)
(C:\Users\ahnd6\AppData\Local\Programs\MiKTeX\tex/generic/pgf/modules\pgfmodule
plot.code.tex
File: pgfmoduleplot.code.tex 2023-01-15 v3.1.10 (3.1.10)
)
(C:\Users\ahnd6\AppData\Local\Programs\MiKTeX\tex/latex/pgf/compatibility\pgfco
mp-version-0-65.sty
Package: pgfcomp-version-0-65 2023-01-15 v3.1.10 (3.1.10)
\pgf@nodesepstart=\dimen296
\pgf@nodesepend=\dimen297
)
(C:\Users\ahnd6\AppData\Local\Programs\MiKTeX\tex/latex/pgf/compatibility\pgfco
mp-version-1-18.sty
Package: pgfcomp-version-1-18 2023-01-15 v3.1.10 (3.1.10)
))
(C:\Users\ahnd6\AppData\Local\Programs\MiKTeX\tex/latex/pgf/utilities\pgffor.st
y
(C:\Users\ahnd6\AppData\Local\Programs\MiKTeX\tex/generic/pgf/utilities\pgffor.
code.tex
Package: pgffor 2023-01-15 v3.1.10 (3.1.10)
\pgffor@iter=\dimen298
\pgffor@skip=\dimen299
\pgffor@stack=\toks48
\pgffor@toks=\toks49
))
(C:\Users\ahnd6\AppData\Local\Programs\MiKTeX\tex/generic/pgf/frontendlayer/tik
z\tikz.code.tex
Package: tikz 2023-01-15 v3.1.10 (3.1.10)

(C:\Users\ahnd6\AppData\Local\Programs\MiKTeX\tex/generic/pgf/libraries\pgflibr
aryplothandlers.code.tex
File: pgflibraryplothandlers.code.tex 2023-01-15 v3.1.10 (3.1.10)
\pgf@plot@mark@count=\count339
\pgfplotmarksize=\dimen300
)
\tikz@lastx=\dimen301
\tikz@lasty=\dimen302
\tikz@lastxsaved=\dimen303
\tikz@lastysaved=\dimen304
\tikz@lastmovetox=\dimen305
\tikz@lastmovetoy=\dimen306
\tikzleveldistance=\dimen307
\tikzsiblingdistance=\dimen308
\tikz@figbox=\box77
\tikz@figbox@bg=\box78
\tikz@tempbox=\box79
\tikz@tempbox@bg=\box80
\tikztreelevel=\count340
\tikznumberofchildren=\count341
\tikznumberofcurrentchild=\count342
\tikz@fig@count=\count343

(C:\Users\ahnd6\AppData\Local\Programs\MiKTeX\tex/generic/pgf/modules\pgfmodule
matrix.code.tex
File: pgfmodulematrix.code.tex 2023-01-15 v3.1.10 (3.1.10)
\pgfmatrixcurrentrow=\count344
\pgfmatrixcurrentcolumn=\count345
\pgf@matrix@numberofcolumns=\count346
)
\tikz@expandcount=\count347

(C:\Users\ahnd6\AppData\Local\Programs\MiKTeX\tex/generic/pgf/frontendlayer/tik
z/libraries\tikzlibrarytopaths.code.tex
File: tikzlibrarytopaths.code.tex 2023-01-15 v3.1.10 (3.1.10)
)))
\metropolis@titleseparator@linewidth=\skip69
\metropolis@progressonsectionpage=\skip70
\metropolis@progressonsectionpage@linewidth=\skip71
\metropolis@blocksep=\skip72
\metropolis@blockadjust=\skip73
\metropolis@parskip=\skip74
)
(C:\Users\ahnd6\AppData\Local\Programs\MiKTeX\tex/latex/beamertheme-metropolis\
beamerouterthememetropolis.sty
Package: beamerouterthememetropolis 2017/01/23 Metropolis outer theme
\metropolis@frametitle@padding=\skip75
\metropolis@progressinheadfoot=\skip76
\metropolis@progressinheadfoot@linewidth=\skip77
)
(C:\Users\ahnd6\AppData\Local\Programs\MiKTeX\tex/latex/beamertheme-metropolis\
beamercolorthememetropolis.sty
Package: beamercolorthememetropolis 2017/01/23 Metropolis color theme
)
(C:\Users\ahnd6\AppData\Local\Programs\MiKTeX\tex/latex/beamertheme-metropolis\
beamerfontthememetropolis.sty
Package: beamerfontthememetropolis 2017/01/23 Metropolis font theme

(C:\Users\ahnd6\AppData\Local\Programs\MiKTeX\tex/generic/iftex\ifxetex.sty
Package: ifxetex 2019/10/25 v0.7 ifxetex legacy package. Use iftex instead.
)
(C:\Users\ahnd6\AppData\Local\Programs\MiKTeX\tex/generic/iftex\ifluatex.sty
Package: ifluatex 2019/10/25 v1.5 ifluatex legacy package. Use iftex instead.
)

Package beamerthememetropolis Warning: You need to compile with XeLaTeX or LuaL
aTeX to use the Fira fonts on input line 95.

))
(C:\Users\ahnd6\AppData\Local\Programs\MiKTeX\tex/latex/beamer\beamercolortheme
seahorse.sty)
(C:\Users\ahnd6\AppData\Local\Programs\MiKTeX\tex/latex/cjk-ko\kotex.sty
Package: kotex 2015/04/19 v1.6 Korean TeX (ko.TeX)

(C:\Users\ahnd6\AppData\Local\Programs\MiKTeX\tex/latex/kotex-utf\kotex.cfg)
(C:\Users\ahnd6\AppData\Local\Programs\MiKTeX\tex/latex/kotex-utf\kotexutf.sty
Package: kotexutf 2022/06/22 v3.0.0 typesetting UTF-8 Korean documents

(C:\Users\ahnd6\AppData\Local\Programs\MiKTeX\tex/latex/base\inputenc.sty
Package: inputenc 2021/02/14 v1.3d Input encoding file
\inpenc@prehook=\toks50
\inpenc@posthook=\toks51
)
(C:\Users\ahnd6\AppData\Local\Programs\MiKTeX\tex/plain/kotex-plain\kotexutf-co
re.tex
\unih@ngulpoint=\count348
\dhucs@emph@raise=\dimen309
)
Now handling font encoding LUC ...
... processing UTF-8 mapping file for font encoding LUC

(C:\Users\ahnd6\AppData\Local\Programs\MiKTeX\tex/latex/kotex-utf\lucenc.dfu
File: lucenc.dfu 2007/09/05 UTF-8 support for dhucs
   defining Unicode char U+00B7 (decimal 183)
   defining Unicode char U+2018 (decimal 8216)
   defining Unicode char U+2019 (decimal 8217)
   defining Unicode char U+201C (decimal 8220)
   defining Unicode char U+201D (decimal 8221)
   defining Unicode char U+3001 (decimal 12289)
   defining Unicode char U+3002 (decimal 12290)
   defining Unicode char U+3008 (decimal 12296)
   defining Unicode char U+3009 (decimal 12297)
   defining Unicode char U+300A (decimal 12298)
   defining Unicode char U+300B (decimal 12299)
   defining Unicode char U+300C (decimal 12300)
   defining Unicode char U+300D (decimal 12301)
   defining Unicode char U+300E (decimal 12302)
   defining Unicode char U+300F (decimal 12303)
   defining Unicode char U+3010 (decimal 12304)
   defining Unicode char U+3011 (decimal 12305)
   defining Unicode char U+3014 (decimal 12308)
   defining Unicode char U+3015 (decimal 12309)
   defining Unicode char U+3016 (decimal 12310)
   defining Unicode char U+3017 (decimal 12311)
   defining Unicode char U+3018 (decimal 12312)
   defining Unicode char U+3019 (decimal 12313)
   defining Unicode char U+301A (decimal 12314)
   defining Unicode char U+301B (decimal 12315)
   defining Unicode char U+FF01 (decimal 65281)
   defining Unicode char U+FF08 (decimal 65288)
   defining Unicode char U+FF09 (decimal 65289)
   defining Unicode char U+FF0C (decimal 65292)
   defining Unicode char U+FF0E (decimal 65294)
   defining Unicode char U+FF1A (decimal 65306)
   defining Unicode char U+FF1B (decimal 65307)
   defining Unicode char U+FF1C (decimal 65308)
   defining Unicode char U+FF1D (decimal 65309)
   defining Unicode char U+FF1E (decimal 65310)
   defining Unicode char U+FF1F (decimal 65311)
   defining Unicode char U+FF3B (decimal 65339)
   defining Unicode char U+FF3D (decimal 65341)
   defining Unicode char U+FF5B (decimal 65371)
   defining Unicode char U+FF5D (decimal 65373)
   defining Unicode char U+FF61 (decimal 65377)
   defining Unicode char U+FF62 (decimal 65378)
   defining Unicode char U+FF63 (decimal 65379)
   defining Unicode char U+FF64 (decimal 65380)
   defining Unicode char U+FF65 (decimal 65381)
)
\@josa=\count349
\josatoks=\toks52

(C:\Users\ahnd6\AppData\Local\Programs\MiKTeX\tex/latex/cjk-ko\kolabels-utf.sty
Package: kolabels-utf 2015/03/20 v1.5 UTF-8 Hangul item labels
)))
(C:\Users\ahnd6\AppData\Local\Programs\MiKTeX\tex/latex/ragged2e\ragged2e.sty
Package: ragged2e 2023/06/22 v3.6 ragged2e Package
\CenteringLeftskip=\skip78
\RaggedLeftLeftskip=\skip79
\RaggedRightLeftskip=\skip80
\CenteringRightskip=\skip81
\RaggedLeftRightskip=\skip82
\RaggedRightRightskip=\skip83
\CenteringParfillskip=\skip84
\RaggedLeftParfillskip=\skip85
\RaggedRightParfillskip=\skip86
\JustifyingParfillskip=\skip87
\CenteringParindent=\skip88
\RaggedLeftParindent=\skip89
\RaggedRightParindent=\skip90
\JustifyingParindent=\skip91
)
(C:\Users\ahnd6\AppData\Local\Programs\MiKTeX\tex/generic/pgf/libraries\pgflibr
aryarrows.meta.code.tex
File: pgflibraryarrows.meta.code.tex 2023-01-15 v3.1.10 (3.1.10)
\pgfarrowinset=\dimen310
\pgfarrowlength=\dimen311
\pgfarrowwidth=\dimen312
\pgfarrowlinewidth=\dimen313
)
(C:\Users\ahnd6\AppData\Local\Programs\MiKTeX\tex/generic/pgf/frontendlayer/tik
z/libraries\tikzlibrarypositioning.code.tex
File: tikzlibrarypositioning.code.tex 2023-01-15 v3.1.10 (3.1.10)
)
(C:\Users\ahnd6\AppData\Local\Programs\MiKTeX\tex/latex/mismath\mismath.sty
Package: mismath 2024/06/16 v3.1 .dtx Miscellaneous mathematical macros

(C:\Users\ahnd6\AppData\Local\Programs\MiKTeX\tex/latex/mathtools\mathtools.sty
Package: mathtools 2024/10/04 v1.31 mathematical typesetting tools
(C:\Users\ahnd6\AppData\Local\Programs\MiKTeX\tex/latex/mathtools\mhsetup.sty
Package: mhsetup 2021/03/18 v1.4 programming setup (MH)
)
\g_MT_multlinerow_int=\count350
\l_MT_multwidth_dim=\dimen314
\origjot=\skip92
\l_MT_shortvdotswithinadjustabove_dim=\dimen315
\l_MT_shortvdotswithinadjustbelow_dim=\dimen316
\l_MT_above_intertext_sep=\dimen317
\l_MT_below_intertext_sep=\dimen318
\l_MT_above_shortintertext_sep=\dimen319
\l_MT_below_shortintertext_sep=\dimen320
\xmathstrut@box=\box81
\xmathstrut@dim=\dimen321
) (C:\Users\ahnd6\AppData\Local\Programs\MiKTeX\tex/latex/esvect\esvect.sty
Package: esvect 
\symesvector=\mathgroup6
LaTeX Font Info:    Redeclaring math symbol \fldr on input line 38.
)
(C:\Users\ahnd6\AppData\Local\Programs\MiKTeX\tex/generic/mleftright\mleftright
.sty
Package: mleftright 2019/12/03 v1.2 Math left/right delim. as open/close (HO)
) (C:\Users\ahnd6\AppData\Local\Programs\MiKTeX\tex/latex/base\ifthen.sty
Package: ifthen 2022/04/13 v1.1d Standard LaTeX ifthen package (DPC)
)
(C:\Users\ahnd6\AppData\Local\Programs\MiKTeX\tex/latex/l3packages/xparse\xpars
e.sty
(C:\Users\ahnd6\AppData\Local\Programs\MiKTeX\tex/latex/l3kernel\expl3.sty
Package: expl3 2024-01-04 L3 programming layer (loader) 

(C:\Users\ahnd6\AppData\Local\Programs\MiKTeX\tex/latex/l3backend\l3backend-pdf
tex.def
File: l3backend-pdftex.def 2024-01-04 L3 backend support: PDF output (pdfTeX)
\l__color_backend_stack_int=\count351
\l__pdf_internal_box=\box82
))
Package: xparse 2023-10-10 L3 Experimental document command parser
)
(C:\Users\ahnd6\AppData\Local\Programs\MiKTeX\tex/latex/tools\xspace.sty
Package: xspace 2014/10/28 v1.13 Space after command names (DPC,MH)
)
(C:\Users\ahnd6\AppData\Local\Programs\MiKTeX\tex/latex/xkeyval\xkeyval.sty
Package: xkeyval 2022/06/16 v2.9 package option processing (HA)

(C:\Users\ahnd6\AppData\Local\Programs\MiKTeX\tex/generic/xkeyval\xkeyval.tex
(C:\Users\ahnd6\AppData\Local\Programs\MiKTeX\tex/generic/xkeyval\xkvutils.tex
\XKV@toks=\toks53
\XKV@tempa@toks=\toks54
)
\XKV@depth=\count352
File: xkeyval.tex 2014/12/03 v2.7a key=value parser (HA)
))
\mm@charcode=\count353
\mm@charclass=\count354
\mm@charfam=\count355
\mm@charslot=\count356
) (C:\Users\ahnd6\AppData\Local\Programs\MiKTeX\tex/latex/animate\animate.sty
Package: animate 2024/10/14 PDF & SVG animations from files and inline graphics

(C:\Users\ahnd6\AppData\Local\Programs\MiKTeX\tex/latex/oberdiek\ifdraft.sty
Package: ifdraft 2016/05/16 v1.4 Detect class options draft and final (HO)
)
(C:\Users\ahnd6\AppData\Local\Programs\MiKTeX\tex/latex/media9\pdfbase.sty
Package: pdfbase 2024/09/16 v0.59 driver independent access to low-level PDF fe
atures
\g_pbs_page_int=\count357
\g_pbs_oc_int=\count358
)
(C:\Users\ahnd6\AppData\Local\Programs\MiKTeX\tex/latex/zref\zref-abspage.sty
Package: zref-abspage 2025-06-08 v2.36 Module abspage for zref (HO)

(C:\Users\ahnd6\AppData\Local\Programs\MiKTeX\tex/latex/zref\zref-base.sty
Package: zref-base 2025-06-08 v2.36 Module base for zref (HO)

(C:\Users\ahnd6\AppData\Local\Programs\MiKTeX\tex/generic/etexcmds\etexcmds.sty
Package: etexcmds 2019/12/15 v1.7 Avoid name clashes with e-TeX commands (HO)
)
Package zref Info: New property list: main on input line 767.
Package zref Info: New property: default on input line 768.
Package zref Info: New property: page on input line 769.
)
\c@abspage=\count359
Package zref Info: New property: abspage on input line 67.
) (C:\Users\ahnd6\AppData\Local\Programs\MiKTeX\tex/latex/ocgx2\ocgbase.sty
Package: ocgbase 2024/09/15 v0.24 support package for ocgx2.sty
)
\@anim@box=\box83
\@anim@measbox=\box84
\@anim@tmpdima=\dimen322
\@anim@tmpdimb=\dimen323
\@anim@num=\count360
\@anim@curframe=\count361
\@anim@curframe@zb=\count362
\@anim@resizeflags=\count363
\@anim@skipfram=\count364
\@anim@mulframecnt=\count365
\@anim@@tmlnfile=\read3
\@anim@tmpcnt=\count366
\c@@anim@ltxcnt=\count367
\@anim@curlayer=\count368
\@anim@lineno=\count369
\@anim@curfield=\count370
\@anim@@resizeflags=\count371
)

Package hyperref Warning: Token not allowed in a PDF string (Unicode):
(hyperref)                removing `\\' on input line 37.

No file main.aux.
\openout1 = `main.aux'.

LaTeX Font Info:    Checking defaults for OML/cmm/m/it on input line 40.
LaTeX Font Info:    ... okay on input line 40.
LaTeX Font Info:    Checking defaults for OMS/cmsy/m/n on input line 40.
LaTeX Font Info:    ... okay on input line 40.
LaTeX Font Info:    Checking defaults for OT1/cmr/m/n on input line 40.
LaTeX Font Info:    ... okay on input line 40.
LaTeX Font Info:    Checking defaults for T1/cmr/m/n on input line 40.
LaTeX Font Info:    ... okay on input line 40.
LaTeX Font Info:    Checking defaults for TS1/cmr/m/n on input line 40.
LaTeX Font Info:    ... okay on input line 40.
LaTeX Font Info:    Checking defaults for OMX/cmex/m/n on input line 40.
LaTeX Font Info:    ... okay on input line 40.
LaTeX Font Info:    Checking defaults for U/cmr/m/n on input line 40.
LaTeX Font Info:    ... okay on input line 40.
LaTeX Font Info:    Checking defaults for PD1/pdf/m/n on input line 40.
LaTeX Font Info:    ... okay on input line 40.
LaTeX Font Info:    Checking defaults for PU/pdf/m/n on input line 40.
LaTeX Font Info:    ... okay on input line 40.
LaTeX Font Info:    Checking defaults for LUC/nanummj/m/n on input line 40.
LaTeX Font Info:    Trying to load font information for LUC+nanummj on input li
ne 40.

(C:\Users\ahnd6\AppData\Local\Programs\MiKTeX\tex/latex/nanumtype1\lucnanummj.f
d
File: lucnanummj.fd 2013/02/12 v0.1 Nanum Myeongjo font definitions
)
LaTeX Font Info:    ... okay on input line 40.

*geometry* driver: auto-detecting
*geometry* detected driver: pdftex
*geometry* verbose mode - [ preamble ] result:
* driver: pdftex
* paper: custom
* layout: <same size as paper>
* layoutoffset:(h,v)=(0.0pt,0.0pt)
* modes: includehead includefoot 
* h-part:(L,W,R)=(28.45274pt, 307.28987pt, 28.45274pt)
* v-part:(T,H,B)=(0.0pt, 273.14662pt, 0.0pt)
* \paperwidth=364.19536pt
* \paperheight=273.14662pt
* \textwidth=307.28987pt
* \textheight=244.6939pt
* \oddsidemargin=-43.81725pt
* \evensidemargin=-43.81725pt
* \topmargin=-72.26999pt
* \headheight=14.22636pt
* \headsep=0.0pt
* \topskip=11.0pt
* \footskip=14.22636pt
* \marginparwidth=4.0pt
* \marginparsep=10.0pt
* \columnsep=10.0pt
* \skip\footins=10.0pt plus 4.0pt minus 2.0pt
* \hoffset=0.0pt
* \voffset=0.0pt
* \mag=1000
* \@twocolumnfalse
* \@twosidefalse
* \@mparswitchfalse
* \@reversemarginfalse
* (1in=72.27pt=25.4mm, 1cm=28.453pt)


(C:\Users\ahnd6\AppData\Local\Programs\MiKTeX\tex/context/base/mkii\supp-pdf.mk
ii
[Loading MPS to PDF converter (version 2006.09.02).]
\scratchcounter=\count372
\scratchdimen=\dimen324
\scratchbox=\box85
\nofMPsegments=\count373
\nofMParguments=\count374
\everyMPshowfont=\toks55
\MPscratchCnt=\count375
\MPscratchDim=\dimen325
\MPnumerator=\count376
\makeMPintoPDFobject=\count377
\everyMPtoPDFconversion=\toks56
)
(C:\Users\ahnd6\AppData\Local\Programs\MiKTeX\tex/latex/epstopdf-pkg\epstopdf-b
ase.sty
Package: epstopdf-base 2020-01-24 v2.11 Base part for package epstopdf
Package epstopdf-base Info: Redefining graphics rule for `.eps' on input line 4
85.

(C:\Users\ahnd6\AppData\Local\Programs\MiKTeX\tex/latex/00miktex\epstopdf-sys.c
fg
File: epstopdf-sys.cfg 2021/03/18 v2.0 Configuration of epstopdf for MiKTeX
))
Package hyperref Info: Link coloring OFF on input line 40.
\@outlinefile=\write5
\openout5 = `main.out'.

LaTeX Font Info:    Overwriting symbol font `operators' in version `normal'
(Font)                  OT1/cmr/m/n --> OT1/cmss/m/n on input line 40.
LaTeX Font Info:    Overwriting symbol font `operators' in version `bold'
(Font)                  OT1/cmr/bx/n --> OT1/cmss/b/n on input line 40.
\symnumbers=\mathgroup7
\sympureletters=\mathgroup8
LaTeX Font Info:    Overwriting math alphabet `\mathrm' in version `normal'
(Font)                  OT1/cmss/m/n --> OT1/cmr/m/n on input line 40.
LaTeX Font Info:    Redeclaring math alphabet \mathbf on input line 40.
LaTeX Font Info:    Overwriting math alphabet `\mathbf' in version `normal'
(Font)                  OT1/cmr/bx/n --> OT1/cmss/b/n on input line 40.
LaTeX Font Info:    Overwriting math alphabet `\mathbf' in version `bold'
(Font)                  OT1/cmr/bx/n --> OT1/cmss/b/n on input line 40.
LaTeX Font Info:    Redeclaring math alphabet \mathsf on input line 40.
LaTeX Font Info:    Overwriting math alphabet `\mathsf' in version `normal'
(Font)                  OT1/cmss/m/n --> OT1/cmss/m/n on input line 40.
LaTeX Font Info:    Overwriting math alphabet `\mathsf' in version `bold'
(Font)                  OT1/cmss/bx/n --> OT1/cmss/m/n on input line 40.
LaTeX Font Info:    Redeclaring math alphabet \mathit on input line 40.
LaTeX Font Info:    Overwriting math alphabet `\mathit' in version `normal'
(Font)                  OT1/cmr/m/it --> OT1/cmss/m/it on input line 40.
LaTeX Font Info:    Overwriting math alphabet `\mathit' in version `bold'
(Font)                  OT1/cmr/bx/it --> OT1/cmss/m/it on input line 40.
LaTeX Font Info:    Redeclaring math alphabet \mathtt on input line 40.
LaTeX Font Info:    Overwriting math alphabet `\mathtt' in version `normal'
(Font)                  OT1/cmtt/m/n --> OT1/cmtt/m/n on input line 40.
LaTeX Font Info:    Overwriting math alphabet `\mathtt' in version `bold'
(Font)                  OT1/cmtt/m/n --> OT1/cmtt/m/n on input line 40.
LaTeX Font Info:    Overwriting symbol font `numbers' in version `bold'
(Font)                  OT1/cmss/m/n --> OT1/cmss/b/n on input line 40.
LaTeX Font Info:    Overwriting symbol font `pureletters' in version `bold'
(Font)                  OT1/cmss/m/it --> OT1/cmss/b/it on input line 40.
LaTeX Font Info:    Overwriting math alphabet `\mathrm' in version `bold'
(Font)                  OT1/cmss/b/n --> OT1/cmr/b/n on input line 40.
LaTeX Font Info:    Overwriting math alphabet `\mathbf' in version `bold'
(Font)                  OT1/cmss/b/n --> OT1/cmss/b/n on input line 40.
LaTeX Font Info:    Overwriting math alphabet `\mathsf' in version `bold'
(Font)                  OT1/cmss/m/n --> OT1/cmss/b/n on input line 40.
LaTeX Font Info:    Overwriting math alphabet `\mathit' in version `bold'
(Font)                  OT1/cmss/m/it --> OT1/cmss/b/it on input line 40.
LaTeX Font Info:    Overwriting math alphabet `\mathtt' in version `bold'
(Font)                  OT1/cmtt/m/n --> OT1/cmtt/b/n on input line 40.
LaTeX Font Info:    Redeclaring symbol font `pureletters' on input line 40.
LaTeX Font Info:    Overwriting symbol font `pureletters' in version `normal'
(Font)                  OT1/cmss/m/it --> OT1/mathkerncmss/m/sl on input line 4
0.
LaTeX Font Info:    Overwriting symbol font `pureletters' in version `bold'
(Font)                  OT1/cmss/b/it --> OT1/mathkerncmss/m/sl on input line 4
0.
LaTeX Font Info:    Overwriting symbol font `pureletters' in version `bold'
(Font)                  OT1/mathkerncmss/m/sl --> OT1/mathkerncmss/bx/sl on inp
ut line 40.

(C:\Users\ahnd6\AppData\Local\Programs\MiKTeX\tex/latex/translator\translator-b
asic-dictionary-English.dict
Dictionary: translator-basic-dictionary, Language: English 
)
(C:\Users\ahnd6\AppData\Local\Programs\MiKTeX\tex/latex/translator\translator-b
ibliography-dictionary-English.dict
Dictionary: translator-bibliography-dictionary, Language: English 
)
(C:\Users\ahnd6\AppData\Local\Programs\MiKTeX\tex/latex/translator\translator-e
nvironment-dictionary-English.dict
Dictionary: translator-environment-dictionary, Language: English 
)
(C:\Users\ahnd6\AppData\Local\Programs\MiKTeX\tex/latex/translator\translator-m
onths-dictionary-English.dict
Dictionary: translator-months-dictionary, Language: English 
)
(C:\Users\ahnd6\AppData\Local\Programs\MiKTeX\tex/latex/translator\translator-n
umbers-dictionary-English.dict
Dictionary: translator-numbers-dictionary, Language: English 
)
(C:\Users\ahnd6\AppData\Local\Programs\MiKTeX\tex/latex/translator\translator-t
heorem-dictionary-English.dict
Dictionary: translator-theorem-dictionary, Language: English 
)
No file main.nav.
LaTeX Font Info:    Trying to load font information for LUC+nanumgt on input li
ne 42.

(C:\Users\ahnd6\AppData\Local\Programs\MiKTeX\tex/latex/nanumtype1\lucnanumgt.f
d
File: lucnanumgt.fd 2013/02/12 v0.1 Nanum Gothic font definitions
)
Overfull \vbox (15.63992pt too high) detected at line 42
 []

[1

{C:/Users/ahnd6/AppData/Local/MiKTeX/fonts/map/pdftex/pdftex.map}]
No file main.toc.
[2

] [3

]
<Images/Machine Learning.png, id=59, 804.00375pt x 401.5pt>
File: Images/Machine Learning.png Graphic file (type png)
<use Images/Machine Learning.png>
Package pdftex.def Info: Images/Machine Learning.png  used on input line 59.
(pdftex.def)             Requested size: 153.64493pt x 76.72076pt.
 [4

 <./Images/Machine Learning.png (PNG copy)>] [5

] [6

]
<Images/AI.png, id=103, 926.46124pt x 540.0175pt>
File: Images/AI.png Graphic file (type png)
<use Images/AI.png>
Package pdftex.def Info: Images/AI.png  used on input line 81.
(pdftex.def)             Requested size: 153.64493pt x 89.55223pt.
 [7

 <./Images/AI.png (PNG copy)>] [8

] [9

]
LaTeX Font Info:    Trying to load font information for U+msa on input line 102
.

(C:\Users\ahnd6\AppData\Local\Programs\MiKTeX\tex/latex/amsfonts\umsa.fd
File: umsa.fd 2013/01/14 v3.01 AMS symbols A
)
LaTeX Font Info:    Trying to load font information for U+msb on input line 102
.

(C:\Users\ahnd6\AppData\Local\Programs\MiKTeX\tex/latex/amsfonts\umsb.fd
File: umsb.fd 2013/01/14 v3.01 AMS symbols B
)
LaTeX Font Info:    Trying to load font information for U+esvect on input line 
102.

(C:\Users\ahnd6\AppData\Local\Programs\MiKTeX\tex/latex/esvect\uesvect.fd
File: uesvect.fd 
)
LaTeX Font Info:    Trying to load font information for OT1+mathkerncmss on inp
ut line 102.

(C:\Users\ahnd6\AppData\Local\Programs\MiKTeX\tex/latex/sansmathaccent\ot1mathk
erncmss.fd
File: ot1mathkerncmss.fd 2020/01/31 Fontinst v1.933 font definitions for OT1/ma
thkerncmss.
)
<Images/gradient.png, id=143, 526.96875pt x 565.11125pt>
File: Images/gradient.png Graphic file (type png)
<use Images/gradient.png>
Package pdftex.def Info: Images/gradient.png  used on input line 102.
(pdftex.def)             Requested size: 92.1879pt x 98.86145pt.

Overfull \vbox (6.56392pt too high) detected at line 102
 []

[10

 <./Images/gradient.png>]
<Images/local.png, id=158, 764.8575pt x 440.64626pt>
File: Images/local.png Graphic file (type png)
<use Images/local.png>
Package pdftex.def Info: Images/local.png  used on input line 114.
(pdftex.def)             Requested size: 153.64493pt x 88.51765pt.
 [11

 <./Images/local.png (PNG copy)>]
<optimizer_frames/opt_0001.png, id=167, 602.25pt x 459.7175pt>
File: optimizer_frames/opt_0001.png Graphic file (type png)
<use optimizer_frames/opt_0001.png>
Package pdftex.def Info: optimizer_frames/opt_0001.png  used on input line 132.

(pdftex.def)             Requested size: 602.24852pt x 459.71637pt.
 <./optimizer_frames/opt_0001.png> <a0,fr0>
<optimizer_frames/opt_0002.png, id=171, 602.25pt x 459.7175pt>
File: optimizer_frames/opt_0002.png Graphic file (type png)
<use optimizer_frames/opt_0002.png>
Package pdftex.def Info: optimizer_frames/opt_0002.png  used on input line 132.

(pdftex.def)             Requested size: 602.24852pt x 459.71637pt.
 <./optimizer_frames/opt_0002.png> <a0,fr1>
<optimizer_frames/opt_0003.png, id=175, 602.25pt x 459.7175pt>
File: optimizer_frames/opt_0003.png Graphic file (type png)
<use optimizer_frames/opt_0003.png>
Package pdftex.def Info: optimizer_frames/opt_0003.png  used on input line 132.

(pdftex.def)             Requested size: 602.24852pt x 459.71637pt.
 <./optimizer_frames/opt_0003.png> <a0,fr2>
<optimizer_frames/opt_0004.png, id=179, 602.25pt x 459.7175pt>
File: optimizer_frames/opt_0004.png Graphic file (type png)
<use optimizer_frames/opt_0004.png>
Package pdftex.def Info: optimizer_frames/opt_0004.png  used on input line 132.

(pdftex.def)             Requested size: 602.24852pt x 459.71637pt.
 <./optimizer_frames/opt_0004.png>
<a0,fr3>
<optimizer_frames/opt_0005.png, id=183, 602.25pt x 459.7175pt>
File: optimizer_frames/opt_0005.png Graphic file (type png)
<use optimizer_frames/opt_0005.png>
Package pdftex.def Info: optimizer_frames/opt_0005.png  used on input line 132.

(pdftex.def)             Requested size: 602.24852pt x 459.71637pt.
 <./optimizer_frames/opt_0005.png> <a0,fr4>
<optimizer_frames/opt_0006.png, id=187, 602.25pt x 459.7175pt>
File: optimizer_frames/opt_0006.png Graphic file (type png)
<use optimizer_frames/opt_0006.png>
Package pdftex.def Info: optimizer_frames/opt_0006.png  used on input line 132.

(pdftex.def)             Requested size: 602.24852pt x 459.71637pt.
 <./optimizer_frames/opt_0006.png> <a0,fr5>
<optimizer_frames/opt_0007.png, id=191, 602.25pt x 459.7175pt>
File: optimizer_frames/opt_0007.png Graphic file (type png)
<use optimizer_frames/opt_0007.png>
Package pdftex.def Info: optimizer_frames/opt_0007.png  used on input line 132.

(pdftex.def)             Requested size: 602.24852pt x 459.71637pt.
 <./optimizer_frames/opt_0007.png> <a0,fr6>
<optimizer_frames/opt_0008.png, id=195, 602.25pt x 459.7175pt>
File: optimizer_frames/opt_0008.png Graphic file (type png)
<use optimizer_frames/opt_0008.png>
Package pdftex.def Info: optimizer_frames/opt_0008.png  used on input line 132.

(pdftex.def)             Requested size: 602.24852pt x 459.71637pt.
 <./optimizer_frames/opt_0008.png> <a0,fr7>
<optimizer_frames/opt_0009.png, id=199, 602.25pt x 459.7175pt>
File: optimizer_frames/opt_0009.png Graphic file (type png)
<use optimizer_frames/opt_0009.png>
Package pdftex.def Info: optimizer_frames/opt_0009.png  used on input line 132.

(pdftex.def)             Requested size: 602.24852pt x 459.71637pt.
 <./optimizer_frames/opt_0009.png> <a0,fr8>
<optimizer_frames/opt_0010.png, id=203, 602.25pt x 459.7175pt>
File: optimizer_frames/opt_0010.png Graphic file (type png)
<use optimizer_frames/opt_0010.png>
Package pdftex.def Info: optimizer_frames/opt_0010.png  used on input line 132.

(pdftex.def)             Requested size: 602.24852pt x 459.71637pt.
 <./optimizer_frames/opt_0010.png> <a0,fr9>
<optimizer_frames/opt_0011.png, id=207, 602.25pt x 459.7175pt>
File: optimizer_frames/opt_0011.png Graphic file (type png)
<use optimizer_frames/opt_0011.png>
Package pdftex.def Info: optimizer_frames/opt_0011.png  used on input line 132.

(pdftex.def)             Requested size: 602.24852pt x 459.71637pt.
 <./optimizer_frames/opt_0011.png> <a0,fr10>
<optimizer_frames/opt_0012.png, id=211, 602.25pt x 459.7175pt>
File: optimizer_frames/opt_0012.png Graphic file (type png)
<use optimizer_frames/opt_0012.png>
Package pdftex.def Info: optimizer_frames/opt_0012.png  used on input line 132.

(pdftex.def)             Requested size: 602.24852pt x 459.71637pt.
 <./optimizer_frames/opt_0012.png> <a0,fr11>
<optimizer_frames/opt_0013.png, id=215, 602.25pt x 459.7175pt>
File: optimizer_frames/opt_0013.png Graphic file (type png)
<use optimizer_frames/opt_0013.png>
Package pdftex.def Info: optimizer_frames/opt_0013.png  used on input line 132.

(pdftex.def)             Requested size: 602.24852pt x 459.71637pt.
 <./optimizer_frames/opt_0013.png>
<a0,fr12>
<optimizer_frames/opt_0014.png, id=219, 602.25pt x 459.7175pt>
File: optimizer_frames/opt_0014.png Graphic file (type png)
<use optimizer_frames/opt_0014.png>
Package pdftex.def Info: optimizer_frames/opt_0014.png  used on input line 132.

(pdftex.def)             Requested size: 602.24852pt x 459.71637pt.
 <./optimizer_frames/opt_0014.png> <a0,fr13>
<optimizer_frames/opt_0015.png, id=223, 602.25pt x 459.7175pt>
File: optimizer_frames/opt_0015.png Graphic file (type png)
<use optimizer_frames/opt_0015.png>
Package pdftex.def Info: optimizer_frames/opt_0015.png  used on input line 132.

(pdftex.def)             Requested size: 602.24852pt x 459.71637pt.
 <./optimizer_frames/opt_0015.png> <a0,fr14>
<optimizer_frames/opt_0016.png, id=227, 602.25pt x 459.7175pt>
File: optimizer_frames/opt_0016.png Graphic file (type png)
<use optimizer_frames/opt_0016.png>
Package pdftex.def Info: optimizer_frames/opt_0016.png  used on input line 132.

(pdftex.def)             Requested size: 602.24852pt x 459.71637pt.
 <./optimizer_frames/opt_0016.png> <a0,fr15>
<optimizer_frames/opt_0017.png, id=231, 602.25pt x 459.7175pt>
File: optimizer_frames/opt_0017.png Graphic file (type png)
<use optimizer_frames/opt_0017.png>
Package pdftex.def Info: optimizer_frames/opt_0017.png  used on input line 132.

(pdftex.def)             Requested size: 602.24852pt x 459.71637pt.
 <./optimizer_frames/opt_0017.png> <a0,fr16>
<optimizer_frames/opt_0018.png, id=235, 602.25pt x 459.7175pt>
File: optimizer_frames/opt_0018.png Graphic file (type png)
<use optimizer_frames/opt_0018.png>
Package pdftex.def Info: optimizer_frames/opt_0018.png  used on input line 132.

(pdftex.def)             Requested size: 602.24852pt x 459.71637pt.
 <./optimizer_frames/opt_0018.png> <a0,fr17>
<optimizer_frames/opt_0019.png, id=239, 602.25pt x 459.7175pt>
File: optimizer_frames/opt_0019.png Graphic file (type png)
<use optimizer_frames/opt_0019.png>
Package pdftex.def Info: optimizer_frames/opt_0019.png  used on input line 132.

(pdftex.def)             Requested size: 602.24852pt x 459.71637pt.
 <./optimizer_frames/opt_0019.png> <a0,fr18>
<optimizer_frames/opt_0020.png, id=243, 602.25pt x 459.7175pt>
File: optimizer_frames/opt_0020.png Graphic file (type png)
<use optimizer_frames/opt_0020.png>
Package pdftex.def Info: optimizer_frames/opt_0020.png  used on input line 132.

(pdftex.def)             Requested size: 602.24852pt x 459.71637pt.
 <./optimizer_frames/opt_0020.png>
<a0,fr19>
<optimizer_frames/opt_0021.png, id=247, 602.25pt x 459.7175pt>
File: optimizer_frames/opt_0021.png Graphic file (type png)
<use optimizer_frames/opt_0021.png>
Package pdftex.def Info: optimizer_frames/opt_0021.png  used on input line 132.

(pdftex.def)             Requested size: 602.24852pt x 459.71637pt.
 <./optimizer_frames/opt_0021.png> <a0,fr20>
<optimizer_frames/opt_0022.png, id=251, 602.25pt x 459.7175pt>
File: optimizer_frames/opt_0022.png Graphic file (type png)
<use optimizer_frames/opt_0022.png>
Package pdftex.def Info: optimizer_frames/opt_0022.png  used on input line 132.

(pdftex.def)             Requested size: 602.24852pt x 459.71637pt.
 <./optimizer_frames/opt_0022.png> <a0,fr21>
<optimizer_frames/opt_0023.png, id=255, 602.25pt x 459.7175pt>
File: optimizer_frames/opt_0023.png Graphic file (type png)
<use optimizer_frames/opt_0023.png>
Package pdftex.def Info: optimizer_frames/opt_0023.png  used on input line 132.

(pdftex.def)             Requested size: 602.24852pt x 459.71637pt.
 <./optimizer_frames/opt_0023.png> <a0,fr22>
<optimizer_frames/opt_0024.png, id=259, 602.25pt x 459.7175pt>
File: optimizer_frames/opt_0024.png Graphic file (type png)
<use optimizer_frames/opt_0024.png>
Package pdftex.def Info: optimizer_frames/opt_0024.png  used on input line 132.

(pdftex.def)             Requested size: 602.24852pt x 459.71637pt.
 <./optimizer_frames/opt_0024.png> <a0,fr23>
<optimizer_frames/opt_0025.png, id=263, 602.25pt x 459.7175pt>
File: optimizer_frames/opt_0025.png Graphic file (type png)
<use optimizer_frames/opt_0025.png>
Package pdftex.def Info: optimizer_frames/opt_0025.png  used on input line 132.

(pdftex.def)             Requested size: 602.24852pt x 459.71637pt.
 <./optimizer_frames/opt_0025.png> <a0,fr24>
<optimizer_frames/opt_0026.png, id=267, 602.25pt x 459.7175pt>
File: optimizer_frames/opt_0026.png Graphic file (type png)
<use optimizer_frames/opt_0026.png>
Package pdftex.def Info: optimizer_frames/opt_0026.png  used on input line 132.

(pdftex.def)             Requested size: 602.24852pt x 459.71637pt.
 <./optimizer_frames/opt_0026.png> <a0,fr25>
<optimizer_frames/opt_0027.png, id=271, 602.25pt x 459.7175pt>
File: optimizer_frames/opt_0027.png Graphic file (type png)
<use optimizer_frames/opt_0027.png>
Package pdftex.def Info: optimizer_frames/opt_0027.png  used on input line 132.

(pdftex.def)             Requested size: 602.24852pt x 459.71637pt.
 <./optimizer_frames/opt_0027.png>
<a0,fr26>
<optimizer_frames/opt_0028.png, id=275, 602.25pt x 459.7175pt>
File: optimizer_frames/opt_0028.png Graphic file (type png)
<use optimizer_frames/opt_0028.png>
Package pdftex.def Info: optimizer_frames/opt_0028.png  used on input line 132.

(pdftex.def)             Requested size: 602.24852pt x 459.71637pt.
 <./optimizer_frames/opt_0028.png> <a0,fr27>
<optimizer_frames/opt_0029.png, id=279, 602.25pt x 459.7175pt>
File: optimizer_frames/opt_0029.png Graphic file (type png)
<use optimizer_frames/opt_0029.png>
Package pdftex.def Info: optimizer_frames/opt_0029.png  used on input line 132.

(pdftex.def)             Requested size: 602.24852pt x 459.71637pt.
 <./optimizer_frames/opt_0029.png> <a0,fr28>
<optimizer_frames/opt_0030.png, id=283, 602.25pt x 459.7175pt>
File: optimizer_frames/opt_0030.png Graphic file (type png)
<use optimizer_frames/opt_0030.png>
Package pdftex.def Info: optimizer_frames/opt_0030.png  used on input line 132.

(pdftex.def)             Requested size: 602.24852pt x 459.71637pt.
 <./optimizer_frames/opt_0030.png> <a0,fr29>
<optimizer_frames/opt_0031.png, id=287, 602.25pt x 459.7175pt>
File: optimizer_frames/opt_0031.png Graphic file (type png)
<use optimizer_frames/opt_0031.png>
Package pdftex.def Info: optimizer_frames/opt_0031.png  used on input line 132.

(pdftex.def)             Requested size: 602.24852pt x 459.71637pt.
 <./optimizer_frames/opt_0031.png> <a0,fr30>
<optimizer_frames/opt_0032.png, id=291, 602.25pt x 459.7175pt>
File: optimizer_frames/opt_0032.png Graphic file (type png)
<use optimizer_frames/opt_0032.png>
Package pdftex.def Info: optimizer_frames/opt_0032.png  used on input line 132.

(pdftex.def)             Requested size: 602.24852pt x 459.71637pt.
 <./optimizer_frames/opt_0032.png> <a0,fr31>
<optimizer_frames/opt_0033.png, id=295, 602.25pt x 459.7175pt>
File: optimizer_frames/opt_0033.png Graphic file (type png)
<use optimizer_frames/opt_0033.png>
Package pdftex.def Info: optimizer_frames/opt_0033.png  used on input line 132.

(pdftex.def)             Requested size: 602.24852pt x 459.71637pt.
 <./optimizer_frames/opt_0033.png> <a0,fr32>
<optimizer_frames/opt_0034.png, id=299, 602.25pt x 459.7175pt>
File: optimizer_frames/opt_0034.png Graphic file (type png)
<use optimizer_frames/opt_0034.png>
Package pdftex.def Info: optimizer_frames/opt_0034.png  used on input line 132.

(pdftex.def)             Requested size: 602.24852pt x 459.71637pt.
 <./optimizer_frames/opt_0034.png>
<a0,fr33>
<optimizer_frames/opt_0035.png, id=303, 602.25pt x 459.7175pt>
File: optimizer_frames/opt_0035.png Graphic file (type png)
<use optimizer_frames/opt_0035.png>
Package pdftex.def Info: optimizer_frames/opt_0035.png  used on input line 132.

(pdftex.def)             Requested size: 602.24852pt x 459.71637pt.
 <./optimizer_frames/opt_0035.png> <a0,fr34>
<optimizer_frames/opt_0036.png, id=307, 602.25pt x 459.7175pt>
File: optimizer_frames/opt_0036.png Graphic file (type png)
<use optimizer_frames/opt_0036.png>
Package pdftex.def Info: optimizer_frames/opt_0036.png  used on input line 132.

(pdftex.def)             Requested size: 602.24852pt x 459.71637pt.
 <./optimizer_frames/opt_0036.png> <a0,fr35>
<optimizer_frames/opt_0037.png, id=311, 602.25pt x 459.7175pt>
File: optimizer_frames/opt_0037.png Graphic file (type png)
<use optimizer_frames/opt_0037.png>
Package pdftex.def Info: optimizer_frames/opt_0037.png  used on input line 132.

(pdftex.def)             Requested size: 602.24852pt x 459.71637pt.
 <./optimizer_frames/opt_0037.png> <a0,fr36>
<optimizer_frames/opt_0038.png, id=315, 602.25pt x 459.7175pt>
File: optimizer_frames/opt_0038.png Graphic file (type png)
<use optimizer_frames/opt_0038.png>
Package pdftex.def Info: optimizer_frames/opt_0038.png  used on input line 132.

(pdftex.def)             Requested size: 602.24852pt x 459.71637pt.
 <./optimizer_frames/opt_0038.png> <a0,fr37>
<optimizer_frames/opt_0039.png, id=319, 602.25pt x 459.7175pt>
File: optimizer_frames/opt_0039.png Graphic file (type png)
<use optimizer_frames/opt_0039.png>
Package pdftex.def Info: optimizer_frames/opt_0039.png  used on input line 132.

(pdftex.def)             Requested size: 602.24852pt x 459.71637pt.
 <./optimizer_frames/opt_0039.png> <a0,fr38>
<optimizer_frames/opt_0040.png, id=323, 602.25pt x 459.7175pt>
File: optimizer_frames/opt_0040.png Graphic file (type png)
<use optimizer_frames/opt_0040.png>
Package pdftex.def Info: optimizer_frames/opt_0040.png  used on input line 132.

(pdftex.def)             Requested size: 602.24852pt x 459.71637pt.
 <./optimizer_frames/opt_0040.png> <a0,fr39>
<optimizer_frames/opt_0041.png, id=327, 602.25pt x 459.7175pt>
File: optimizer_frames/opt_0041.png Graphic file (type png)
<use optimizer_frames/opt_0041.png>
Package pdftex.def Info: optimizer_frames/opt_0041.png  used on input line 132.

(pdftex.def)             Requested size: 602.24852pt x 459.71637pt.
 <./optimizer_frames/opt_0041.png>
<a0,fr40>
<optimizer_frames/opt_0042.png, id=331, 602.25pt x 459.7175pt>
File: optimizer_frames/opt_0042.png Graphic file (type png)
<use optimizer_frames/opt_0042.png>
Package pdftex.def Info: optimizer_frames/opt_0042.png  used on input line 132.

(pdftex.def)             Requested size: 602.24852pt x 459.71637pt.
 <./optimizer_frames/opt_0042.png> <a0,fr41>
<optimizer_frames/opt_0043.png, id=335, 602.25pt x 459.7175pt>
File: optimizer_frames/opt_0043.png Graphic file (type png)
<use optimizer_frames/opt_0043.png>
Package pdftex.def Info: optimizer_frames/opt_0043.png  used on input line 132.

(pdftex.def)             Requested size: 602.24852pt x 459.71637pt.
 <./optimizer_frames/opt_0043.png> <a0,fr42>
<optimizer_frames/opt_0044.png, id=339, 602.25pt x 459.7175pt>
File: optimizer_frames/opt_0044.png Graphic file (type png)
<use optimizer_frames/opt_0044.png>
Package pdftex.def Info: optimizer_frames/opt_0044.png  used on input line 132.

(pdftex.def)             Requested size: 602.24852pt x 459.71637pt.
 <./optimizer_frames/opt_0044.png> <a0,fr43>
<optimizer_frames/opt_0045.png, id=343, 602.25pt x 459.7175pt>
File: optimizer_frames/opt_0045.png Graphic file (type png)
<use optimizer_frames/opt_0045.png>
Package pdftex.def Info: optimizer_frames/opt_0045.png  used on input line 132.

(pdftex.def)             Requested size: 602.24852pt x 459.71637pt.
 <./optimizer_frames/opt_0045.png> <a0,fr44>
<optimizer_frames/opt_0046.png, id=347, 602.25pt x 459.7175pt>
File: optimizer_frames/opt_0046.png Graphic file (type png)
<use optimizer_frames/opt_0046.png>
Package pdftex.def Info: optimizer_frames/opt_0046.png  used on input line 132.

(pdftex.def)             Requested size: 602.24852pt x 459.71637pt.
 <./optimizer_frames/opt_0046.png> <a0,fr45>
<optimizer_frames/opt_0047.png, id=351, 602.25pt x 459.7175pt>
File: optimizer_frames/opt_0047.png Graphic file (type png)
<use optimizer_frames/opt_0047.png>
Package pdftex.def Info: optimizer_frames/opt_0047.png  used on input line 132.

(pdftex.def)             Requested size: 602.24852pt x 459.71637pt.
 <./optimizer_frames/opt_0047.png> <a0,fr46>
<optimizer_frames/opt_0048.png, id=355, 602.25pt x 459.7175pt>
File: optimizer_frames/opt_0048.png Graphic file (type png)
<use optimizer_frames/opt_0048.png>
Package pdftex.def Info: optimizer_frames/opt_0048.png  used on input line 132.

(pdftex.def)             Requested size: 602.24852pt x 459.71637pt.
 <./optimizer_frames/opt_0048.png>
<a0,fr47>
<optimizer_frames/opt_0049.png, id=359, 602.25pt x 459.7175pt>
File: optimizer_frames/opt_0049.png Graphic file (type png)
<use optimizer_frames/opt_0049.png>
Package pdftex.def Info: optimizer_frames/opt_0049.png  used on input line 132.

(pdftex.def)             Requested size: 602.24852pt x 459.71637pt.
 <./optimizer_frames/opt_0049.png> <a0,fr48>
<optimizer_frames/opt_0050.png, id=363, 602.25pt x 459.7175pt>
File: optimizer_frames/opt_0050.png Graphic file (type png)
<use optimizer_frames/opt_0050.png>
Package pdftex.def Info: optimizer_frames/opt_0050.png  used on input line 132.

(pdftex.def)             Requested size: 602.24852pt x 459.71637pt.
 <./optimizer_frames/opt_0050.png> <a0,fr49>
<optimizer_frames/opt_0051.png, id=367, 602.25pt x 459.7175pt>
File: optimizer_frames/opt_0051.png Graphic file (type png)
<use optimizer_frames/opt_0051.png>
Package pdftex.def Info: optimizer_frames/opt_0051.png  used on input line 132.

(pdftex.def)             Requested size: 602.24852pt x 459.71637pt.
 <./optimizer_frames/opt_0051.png> <a0,fr50>
<optimizer_frames/opt_0052.png, id=371, 602.25pt x 459.7175pt>
File: optimizer_frames/opt_0052.png Graphic file (type png)
<use optimizer_frames/opt_0052.png>
Package pdftex.def Info: optimizer_frames/opt_0052.png  used on input line 132.

(pdftex.def)             Requested size: 602.24852pt x 459.71637pt.
 <./optimizer_frames/opt_0052.png> <a0,fr51>
<optimizer_frames/opt_0053.png, id=375, 602.25pt x 459.7175pt>
File: optimizer_frames/opt_0053.png Graphic file (type png)
<use optimizer_frames/opt_0053.png>
Package pdftex.def Info: optimizer_frames/opt_0053.png  used on input line 132.

(pdftex.def)             Requested size: 602.24852pt x 459.71637pt.
 <./optimizer_frames/opt_0053.png> <a0,fr52>
<optimizer_frames/opt_0054.png, id=379, 602.25pt x 459.7175pt>
File: optimizer_frames/opt_0054.png Graphic file (type png)
<use optimizer_frames/opt_0054.png>
Package pdftex.def Info: optimizer_frames/opt_0054.png  used on input line 132.

(pdftex.def)             Requested size: 602.24852pt x 459.71637pt.
 <./optimizer_frames/opt_0054.png> <a0,fr53>
<optimizer_frames/opt_0055.png, id=383, 602.25pt x 459.7175pt>
File: optimizer_frames/opt_0055.png Graphic file (type png)
<use optimizer_frames/opt_0055.png>
Package pdftex.def Info: optimizer_frames/opt_0055.png  used on input line 132.

(pdftex.def)             Requested size: 602.24852pt x 459.71637pt.
 <./optimizer_frames/opt_0055.png>
<a0,fr54>
<optimizer_frames/opt_0056.png, id=387, 602.25pt x 459.7175pt>
File: optimizer_frames/opt_0056.png Graphic file (type png)
<use optimizer_frames/opt_0056.png>
Package pdftex.def Info: optimizer_frames/opt_0056.png  used on input line 132.

(pdftex.def)             Requested size: 602.24852pt x 459.71637pt.
 <./optimizer_frames/opt_0056.png> <a0,fr55>
<optimizer_frames/opt_0057.png, id=391, 602.25pt x 459.7175pt>
File: optimizer_frames/opt_0057.png Graphic file (type png)
<use optimizer_frames/opt_0057.png>
Package pdftex.def Info: optimizer_frames/opt_0057.png  used on input line 132.

(pdftex.def)             Requested size: 602.24852pt x 459.71637pt.
 <./optimizer_frames/opt_0057.png> <a0,fr56>
<optimizer_frames/opt_0058.png, id=395, 602.25pt x 459.7175pt>
File: optimizer_frames/opt_0058.png Graphic file (type png)
<use optimizer_frames/opt_0058.png>
Package pdftex.def Info: optimizer_frames/opt_0058.png  used on input line 132.

(pdftex.def)             Requested size: 602.24852pt x 459.71637pt.
 <./optimizer_frames/opt_0058.png> <a0,fr57>
<optimizer_frames/opt_0059.png, id=399, 602.25pt x 459.7175pt>
File: optimizer_frames/opt_0059.png Graphic file (type png)
<use optimizer_frames/opt_0059.png>
Package pdftex.def Info: optimizer_frames/opt_0059.png  used on input line 132.

(pdftex.def)             Requested size: 602.24852pt x 459.71637pt.
 <./optimizer_frames/opt_0059.png> <a0,fr58>
<optimizer_frames/opt_0060.png, id=403, 602.25pt x 459.7175pt>
File: optimizer_frames/opt_0060.png Graphic file (type png)
<use optimizer_frames/opt_0060.png>
Package pdftex.def Info: optimizer_frames/opt_0060.png  used on input line 132.

(pdftex.def)             Requested size: 602.24852pt x 459.71637pt.
 <./optimizer_frames/opt_0060.png> <a0,fr59>
<optimizer_frames/opt_0061.png, id=407, 602.25pt x 459.7175pt>
File: optimizer_frames/opt_0061.png Graphic file (type png)
<use optimizer_frames/opt_0061.png>
Package pdftex.def Info: optimizer_frames/opt_0061.png  used on input line 132.

(pdftex.def)             Requested size: 602.24852pt x 459.71637pt.
 <./optimizer_frames/opt_0061.png> <a0,fr60>
<optimizer_frames/opt_0062.png, id=411, 602.25pt x 459.7175pt>
File: optimizer_frames/opt_0062.png Graphic file (type png)
<use optimizer_frames/opt_0062.png>
Package pdftex.def Info: optimizer_frames/opt_0062.png  used on input line 132.

(pdftex.def)             Requested size: 602.24852pt x 459.71637pt.
 <./optimizer_frames/opt_0062.png>
<a0,fr61>
<optimizer_frames/opt_0063.png, id=415, 602.25pt x 459.7175pt>
File: optimizer_frames/opt_0063.png Graphic file (type png)
<use optimizer_frames/opt_0063.png>
Package pdftex.def Info: optimizer_frames/opt_0063.png  used on input line 132.

(pdftex.def)             Requested size: 602.24852pt x 459.71637pt.
 <./optimizer_frames/opt_0063.png> <a0,fr62>
<optimizer_frames/opt_0064.png, id=419, 602.25pt x 459.7175pt>
File: optimizer_frames/opt_0064.png Graphic file (type png)
<use optimizer_frames/opt_0064.png>
Package pdftex.def Info: optimizer_frames/opt_0064.png  used on input line 132.

(pdftex.def)             Requested size: 602.24852pt x 459.71637pt.
 <./optimizer_frames/opt_0064.png> <a0,fr63>
<optimizer_frames/opt_0065.png, id=423, 602.25pt x 459.7175pt>
File: optimizer_frames/opt_0065.png Graphic file (type png)
<use optimizer_frames/opt_0065.png>
Package pdftex.def Info: optimizer_frames/opt_0065.png  used on input line 132.

(pdftex.def)             Requested size: 602.24852pt x 459.71637pt.
 <./optimizer_frames/opt_0065.png> <a0,fr64>
<optimizer_frames/opt_0066.png, id=427, 602.25pt x 459.7175pt>
File: optimizer_frames/opt_0066.png Graphic file (type png)
<use optimizer_frames/opt_0066.png>
Package pdftex.def Info: optimizer_frames/opt_0066.png  used on input line 132.

(pdftex.def)             Requested size: 602.24852pt x 459.71637pt.
 <./optimizer_frames/opt_0066.png> <a0,fr65>
<optimizer_frames/opt_0067.png, id=431, 602.25pt x 459.7175pt>
File: optimizer_frames/opt_0067.png Graphic file (type png)
<use optimizer_frames/opt_0067.png>
Package pdftex.def Info: optimizer_frames/opt_0067.png  used on input line 132.

(pdftex.def)             Requested size: 602.24852pt x 459.71637pt.
 <./optimizer_frames/opt_0067.png> <a0,fr66>
<optimizer_frames/opt_0068.png, id=435, 602.25pt x 459.7175pt>
File: optimizer_frames/opt_0068.png Graphic file (type png)
<use optimizer_frames/opt_0068.png>
Package pdftex.def Info: optimizer_frames/opt_0068.png  used on input line 132.

(pdftex.def)             Requested size: 602.24852pt x 459.71637pt.
 <./optimizer_frames/opt_0068.png> <a0,fr67>
<optimizer_frames/opt_0069.png, id=439, 602.25pt x 459.7175pt>
File: optimizer_frames/opt_0069.png Graphic file (type png)
<use optimizer_frames/opt_0069.png>
Package pdftex.def Info: optimizer_frames/opt_0069.png  used on input line 132.

(pdftex.def)             Requested size: 602.24852pt x 459.71637pt.
 <./optimizer_frames/opt_0069.png>
<a0,fr68>
<optimizer_frames/opt_0070.png, id=443, 602.25pt x 459.7175pt>
File: optimizer_frames/opt_0070.png Graphic file (type png)
<use optimizer_frames/opt_0070.png>
Package pdftex.def Info: optimizer_frames/opt_0070.png  used on input line 132.

(pdftex.def)             Requested size: 602.24852pt x 459.71637pt.
 <./optimizer_frames/opt_0070.png> <a0,fr69>
<optimizer_frames/opt_0071.png, id=447, 602.25pt x 459.7175pt>
File: optimizer_frames/opt_0071.png Graphic file (type png)
<use optimizer_frames/opt_0071.png>
Package pdftex.def Info: optimizer_frames/opt_0071.png  used on input line 132.

(pdftex.def)             Requested size: 602.24852pt x 459.71637pt.
 <./optimizer_frames/opt_0071.png> <a0,fr70>
<optimizer_frames/opt_0072.png, id=451, 602.25pt x 459.7175pt>
File: optimizer_frames/opt_0072.png Graphic file (type png)
<use optimizer_frames/opt_0072.png>
Package pdftex.def Info: optimizer_frames/opt_0072.png  used on input line 132.

(pdftex.def)             Requested size: 602.24852pt x 459.71637pt.
 <./optimizer_frames/opt_0072.png> <a0,fr71>
<optimizer_frames/opt_0073.png, id=455, 602.25pt x 459.7175pt>
File: optimizer_frames/opt_0073.png Graphic file (type png)
<use optimizer_frames/opt_0073.png>
Package pdftex.def Info: optimizer_frames/opt_0073.png  used on input line 132.

(pdftex.def)             Requested size: 602.24852pt x 459.71637pt.
 <./optimizer_frames/opt_0073.png> <a0,fr72>
<optimizer_frames/opt_0074.png, id=459, 602.25pt x 459.7175pt>
File: optimizer_frames/opt_0074.png Graphic file (type png)
<use optimizer_frames/opt_0074.png>
Package pdftex.def Info: optimizer_frames/opt_0074.png  used on input line 132.

(pdftex.def)             Requested size: 602.24852pt x 459.71637pt.
 <./optimizer_frames/opt_0074.png> <a0,fr73>
<optimizer_frames/opt_0075.png, id=463, 602.25pt x 459.7175pt>
File: optimizer_frames/opt_0075.png Graphic file (type png)
<use optimizer_frames/opt_0075.png>
Package pdftex.def Info: optimizer_frames/opt_0075.png  used on input line 132.

(pdftex.def)             Requested size: 602.24852pt x 459.71637pt.
 <./optimizer_frames/opt_0075.png> <a0,fr74>
<optimizer_frames/opt_0076.png, id=467, 602.25pt x 459.7175pt>
File: optimizer_frames/opt_0076.png Graphic file (type png)
<use optimizer_frames/opt_0076.png>
Package pdftex.def Info: optimizer_frames/opt_0076.png  used on input line 132.

(pdftex.def)             Requested size: 602.24852pt x 459.71637pt.
 <./optimizer_frames/opt_0076.png>
<a0,fr75>
<optimizer_frames/opt_0077.png, id=471, 602.25pt x 459.7175pt>
File: optimizer_frames/opt_0077.png Graphic file (type png)
<use optimizer_frames/opt_0077.png>
Package pdftex.def Info: optimizer_frames/opt_0077.png  used on input line 132.

(pdftex.def)             Requested size: 602.24852pt x 459.71637pt.
 <./optimizer_frames/opt_0077.png> <a0,fr76>
<optimizer_frames/opt_0078.png, id=475, 602.25pt x 459.7175pt>
File: optimizer_frames/opt_0078.png Graphic file (type png)
<use optimizer_frames/opt_0078.png>
Package pdftex.def Info: optimizer_frames/opt_0078.png  used on input line 132.

(pdftex.def)             Requested size: 602.24852pt x 459.71637pt.
 <./optimizer_frames/opt_0078.png> <a0,fr77>
<optimizer_frames/opt_0079.png, id=479, 602.25pt x 459.7175pt>
File: optimizer_frames/opt_0079.png Graphic file (type png)
<use optimizer_frames/opt_0079.png>
Package pdftex.def Info: optimizer_frames/opt_0079.png  used on input line 132.

(pdftex.def)             Requested size: 602.24852pt x 459.71637pt.
 <./optimizer_frames/opt_0079.png> <a0,fr78>
<optimizer_frames/opt_0080.png, id=483, 602.25pt x 459.7175pt>
File: optimizer_frames/opt_0080.png Graphic file (type png)
<use optimizer_frames/opt_0080.png>
Package pdftex.def Info: optimizer_frames/opt_0080.png  used on input line 132.

(pdftex.def)             Requested size: 602.24852pt x 459.71637pt.
 <./optimizer_frames/opt_0080.png> <a0,fr79>
<optimizer_frames/opt_0081.png, id=487, 602.25pt x 459.7175pt>
File: optimizer_frames/opt_0081.png Graphic file (type png)
<use optimizer_frames/opt_0081.png>
Package pdftex.def Info: optimizer_frames/opt_0081.png  used on input line 132.

(pdftex.def)             Requested size: 602.24852pt x 459.71637pt.
 <./optimizer_frames/opt_0081.png> <a0,fr80>
<optimizer_frames/opt_0082.png, id=491, 602.25pt x 459.7175pt>
File: optimizer_frames/opt_0082.png Graphic file (type png)
<use optimizer_frames/opt_0082.png>
Package pdftex.def Info: optimizer_frames/opt_0082.png  used on input line 132.

(pdftex.def)             Requested size: 602.24852pt x 459.71637pt.
 <./optimizer_frames/opt_0082.png> <a0,fr81>
<optimizer_frames/opt_0083.png, id=495, 602.25pt x 459.7175pt>
File: optimizer_frames/opt_0083.png Graphic file (type png)
<use optimizer_frames/opt_0083.png>
Package pdftex.def Info: optimizer_frames/opt_0083.png  used on input line 132.

(pdftex.def)             Requested size: 602.24852pt x 459.71637pt.
 <./optimizer_frames/opt_0083.png>
<a0,fr82>
<optimizer_frames/opt_0084.png, id=499, 602.25pt x 459.7175pt>
File: optimizer_frames/opt_0084.png Graphic file (type png)
<use optimizer_frames/opt_0084.png>
Package pdftex.def Info: optimizer_frames/opt_0084.png  used on input line 132.

(pdftex.def)             Requested size: 602.24852pt x 459.71637pt.
 <./optimizer_frames/opt_0084.png> <a0,fr83>
<optimizer_frames/opt_0085.png, id=503, 602.25pt x 459.7175pt>
File: optimizer_frames/opt_0085.png Graphic file (type png)
<use optimizer_frames/opt_0085.png>
Package pdftex.def Info: optimizer_frames/opt_0085.png  used on input line 132.

(pdftex.def)             Requested size: 602.24852pt x 459.71637pt.
 <./optimizer_frames/opt_0085.png> <a0,fr84>
<optimizer_frames/opt_0086.png, id=507, 602.25pt x 459.7175pt>
File: optimizer_frames/opt_0086.png Graphic file (type png)
<use optimizer_frames/opt_0086.png>
Package pdftex.def Info: optimizer_frames/opt_0086.png  used on input line 132.

(pdftex.def)             Requested size: 602.24852pt x 459.71637pt.
 <./optimizer_frames/opt_0086.png> <a0,fr85>
<optimizer_frames/opt_0087.png, id=511, 602.25pt x 459.7175pt>
File: optimizer_frames/opt_0087.png Graphic file (type png)
<use optimizer_frames/opt_0087.png>
Package pdftex.def Info: optimizer_frames/opt_0087.png  used on input line 132.

(pdftex.def)             Requested size: 602.24852pt x 459.71637pt.
 <./optimizer_frames/opt_0087.png> <a0,fr86>
<optimizer_frames/opt_0088.png, id=515, 602.25pt x 459.7175pt>
File: optimizer_frames/opt_0088.png Graphic file (type png)
<use optimizer_frames/opt_0088.png>
Package pdftex.def Info: optimizer_frames/opt_0088.png  used on input line 132.

(pdftex.def)             Requested size: 602.24852pt x 459.71637pt.
 <./optimizer_frames/opt_0088.png> <a0,fr87>
<optimizer_frames/opt_0089.png, id=519, 602.25pt x 459.7175pt>
File: optimizer_frames/opt_0089.png Graphic file (type png)
<use optimizer_frames/opt_0089.png>
Package pdftex.def Info: optimizer_frames/opt_0089.png  used on input line 132.

(pdftex.def)             Requested size: 602.24852pt x 459.71637pt.
 <./optimizer_frames/opt_0089.png> <a0,fr88>
<optimizer_frames/opt_0090.png, id=523, 602.25pt x 459.7175pt>
File: optimizer_frames/opt_0090.png Graphic file (type png)
<use optimizer_frames/opt_0090.png>
Package pdftex.def Info: optimizer_frames/opt_0090.png  used on input line 132.

(pdftex.def)             Requested size: 602.24852pt x 459.71637pt.
 <./optimizer_frames/opt_0090.png>
<a0,fr89>
Overfull \vbox (9.25395pt too high) detected at line 132
 []

[12

] [13

] [14

] [15

] [16

] [17

]
LaTeX Font Info:    Font shape `OT1/cmss/b/n' in size <10.95> not available
(Font)              Font shape `OT1/cmss/bx/n' tried instead on input line 209.

LaTeX Font Info:    Font shape `OT1/cmss/b/n' in size <8> not available
(Font)              Font shape `OT1/cmss/bx/n' tried instead on input line 209.

LaTeX Font Info:    Font shape `OT1/cmss/b/n' in size <6> not available
(Font)              Font shape `OT1/cmss/bx/n' tried instead on input line 209.

 [18

]
\tf@nav=\write6
\openout6 = `main.nav'.

\tf@toc=\write7
\openout7 = `main.toc'.

\tf@snm=\write8
\openout8 = `main.snm'.

 [19]
(C:/Users\ahnd6\OneDrive\\GitHub\Deep-learning\auxil\main.aux)
 ***********
LaTeX2e <2023-11-01> patch level 1
L3 programming layer <2024-01-04>
 ***********


LaTeX Warning: Label(s) may have changed. Rerun to get cross-references right.


LaTeX Warning: Temporary extra page added at the end. Rerun to get it removed.


Package rerunfilecheck Warning: File `main.out' has changed.
(rerunfilecheck)                Rerun to get outlines right
(rerunfilecheck)                or use package `bookmark'.

Package rerunfilecheck Info: Checksums for `main.out':
(rerunfilecheck)             Before: <no file>
(rerunfilecheck)             After:  9479953A7EA342122DE65A88CEFA1DA9;269.
 ) 
Here is how much of TeX's memory you used:
 29987 strings out of 474486
 626293 string characters out of 5743755
 1940542 words of memory out of 5000000
 51569 multiletter control sequences out of 15000+600000
 583605 words of font info for 126 fonts, out of 8000000 for 9000
 1141 hyphenation exceptions out of 8191
 128i,13n,123p,1873b,785s stack positions out of 10000i,1000n,20000p,200000b,200000s
<C:/Users/ahnd6/AppData/Local/Programs/MiKTeX/fonts/type1/public/amsfonts/cm/
cmex10.pfb><C:/Users/ahnd6/AppData/Local/Programs/MiKTeX/fonts/type1/public/ams
fonts/cm/cmmi10.pfb><C:/Users/ahnd6/AppData/Local/Programs/MiKTeX/fonts/type1/p
ublic/amsfonts/cm/cmss10.pfb><C:/Users/ahnd6/AppData/Local/Programs/MiKTeX/font
s/type1/public/amsfonts/cm/cmss12.pfb><C:/Users/ahnd6/AppData/Local/Programs/Mi
KTeX/fonts/type1/public/amsfonts/cm/cmss8.pfb><C:/Users/ahnd6/AppData/Local/Pro
grams/MiKTeX/fonts/type1/public/amsfonts/cm/cmssbx10.pfb><C:/Users/ahnd6/AppDat
a/Local/Programs/MiKTeX/fonts/type1/public/amsfonts/cm/cmssi10.pfb><C:/Users/ah
nd6/AppData/Local/Programs/MiKTeX/fonts/type1/public/amsfonts/cm/cmssi8.pfb><C:
/Users/ahnd6/AppData/Local/Programs/MiKTeX/fonts/type1/public/amsfonts/cm/cmsy1
0.pfb><C:/Users/ahnd6/AppData/Local/Programs/MiKTeX/fonts/type1/public/amsfonts
/cm/cmsy8.pfb><C:/Users/ahnd6/AppData/Local/Programs/MiKTeX/fonts/type1/public/
nanumtype1/nanumgtbae.pfb><C:/Users/ahnd6/AppData/Local/Programs/MiKTeX/fonts/t
ype1/public/nanumtype1/nanumgtbba.pfb><C:/Users/ahnd6/AppData/Local/Programs/Mi
KTeX/fonts/type1/public/nanumtype1/nanumgtbcc.pfb><C:/Users/ahnd6/AppData/Local
/Programs/MiKTeX/fonts/type1/public/nanumtype1/nanumgtbcd.pfb><C:/Users/ahnd6/A
ppData/Local/Programs/MiKTeX/fonts/type1/public/nanumtype1/nanumgtmac.pfb><C:/U
sers/ahnd6/AppData/Local/Programs/MiKTeX/fonts/type1/public/nanumtype1/nanumgtm
ad.pfb><C:/Users/ahnd6/AppData/Local/Programs/MiKTeX/fonts/type1/public/nanumty
pe1/nanumgtmae.pfb><C:/Users/ahnd6/AppData/Local/Programs/MiKTeX/fonts/type1/pu
blic/nanumtype1/nanumgtmaf.pfb><C:/Users/ahnd6/AppData/Local/Programs/MiKTeX/fo
nts/type1/public/nanumtype1/nanumgtmb0.pfb><C:/Users/ahnd6/AppData/Local/Progra
ms/MiKTeX/fonts/type1/public/nanumtype1/nanumgtmb1.pfb><C:/Users/ahnd6/AppData/
Local/Programs/MiKTeX/fonts/type1/public/nanumtype1/nanumgtmb2.pfb><C:/Users/ah
nd6/AppData/Local/Programs/MiKTeX/fonts/type1/public/nanumtype1/nanumgtmb3.pfb>
<C:/Users/ahnd6/AppData/Local/Programs/MiKTeX/fonts/type1/public/nanumtype1/nan
umgtmb4.pfb><C:/Users/ahnd6/AppData/Local/Programs/MiKTeX/fonts/type1/public/na
numtype1/nanumgtmb5.pfb><C:/Users/ahnd6/AppData/Local/Programs/MiKTeX/fonts/typ
e1/public/nanumtype1/nanumgtmb6.pfb><C:/Users/ahnd6/AppData/Local/Programs/MiKT
eX/fonts/type1/public/nanumtype1/nanumgtmb7.pfb><C:/Users/ahnd6/AppData/Local/P
rograms/MiKTeX/fonts/type1/public/nanumtype1/nanumgtmb8.pfb><C:/Users/ahnd6/App
Data/Local/Programs/MiKTeX/fonts/type1/public/nanumtype1/nanumgtmb9.pfb><C:/Use
rs/ahnd6/AppData/Local/Programs/MiKTeX/fonts/type1/public/nanumtype1/nanumgtmba
.pfb><C:/Users/ahnd6/AppData/Local/Programs/MiKTeX/fonts/type1/public/nanumtype
1/nanumgtmbb.pfb><C:/Users/ahnd6/AppData/Local/Programs/MiKTeX/fonts/type1/publ
ic/nanumtype1/nanumgtmbc.pfb><C:/Users/ahnd6/AppData/Local/Programs/MiKTeX/font
s/type1/public/nanumtype1/nanumgtmbd.pfb><C:/Users/ahnd6/AppData/Local/Programs
/MiKTeX/fonts/type1/public/nanumtype1/nanumgtmbe.pfb><C:/Users/ahnd6/AppData/Lo
cal/Programs/MiKTeX/fonts/type1/public/nanumtype1/nanumgtmc0.pfb><C:/Users/ahnd
6/AppData/Local/Programs/MiKTeX/fonts/type1/public/nanumtype1/nanumgtmc1.pfb><C
:/Users/ahnd6/AppData/Local/Programs/MiKTeX/fonts/type1/public/nanumtype1/nanum
gtmc2.pfb><C:/Users/ahnd6/AppData/Local/Programs/MiKTeX/fonts/type1/public/nanu
mtype1/nanumgtmc5.pfb><C:/Users/ahnd6/AppData/Local/Programs/MiKTeX/fonts/type1
/public/nanumtype1/nanumgtmc6.pfb><C:/Users/ahnd6/AppData/Local/Programs/MiKTeX
/fonts/type1/public/nanumtype1/nanumgtmc7.pfb><C:/Users/ahnd6/AppData/Local/Pro
grams/MiKTeX/fonts/type1/public/nanumtype1/nanumgtmc8.pfb><C:/Users/ahnd6/AppDa
ta/Local/Programs/MiKTeX/fonts/type1/public/nanumtype1/nanumgtmc9.pfb><C:/Users
/ahnd6/AppData/Local/Programs/MiKTeX/fonts/type1/public/nanumtype1/nanumgtmcc.p
fb><C:/Users/ahnd6/AppData/Local/Programs/MiKTeX/fonts/type1/public/nanumtype1/
nanumgtmcd.pfb><C:/Users/ahnd6/AppData/Local/Programs/MiKTeX/fonts/type1/public
/nanumtype1/nanumgtmce.pfb><C:/Users/ahnd6/AppData/Local/Programs/MiKTeX/fonts/
type1/public/nanumtype1/nanumgtmcf.pfb><C:/Users/ahnd6/AppData/Local/Programs/M
iKTeX/fonts/type1/public/nanumtype1/nanumgtmd0.pfb><C:/Users/ahnd6/AppData/Loca
l/Programs/MiKTeX/fonts/type1/public/nanumtype1/nanumgtmd1.pfb><C:/Users/ahnd6/
AppData/Local/Programs/MiKTeX/fonts/type1/public/nanumtype1/nanumgtmd3.pfb><C:/
Users/ahnd6/AppData/Local/Programs/MiKTeX/fonts/type1/public/nanumtype1/nanumgt
md4.pfb><C:/Users/ahnd6/AppData/Local/Programs/MiKTeX/fonts/type1/public/nanumt
ype1/nanumgtmd5.pfb><C:/Users/ahnd6/AppData/Local/Programs/MiKTeX/fonts/type1/p
ublic/nanumtype1/nanumgtmd6.pfb>
Output written on C:/Users\ahnd6\OneDrive\\GitHub\Deep-learning\out\main.
pdf (19 pages, 4834944 bytes).
PDF statistics:
 905 PDF objects out of 1000 (max. 8388607)
 45 named destinations out of 1000 (max. 500000)
 1179 words of extra memory for PDF output out of 10000 (max. 10000000)

